This is pdfTeX, Version 3.1415926-2.5-1.40.14 (TeX Live 2013/Debian) (format=latex 2014.4.29)  30 APR 2015 13:04
entering extended mode
 restricted \write18 enabled.
 %&-line parsing enabled.
**bytefield.dtx
(./bytefield.dtx
LaTeX2e <2011/06/27>
Babel <3.9h> and hyphenation patterns for 2 languages loaded.
File: bytefield.dtx 2014/06/03 v2.2 Network protocol diagrams
(/usr/share/texlive/texmf-dist/tex/latex/base/ltxdoc.cls
Document Class: ltxdoc 2007/11/11 v2.0u Standard LaTeX documentation class
(/usr/share/texlive/texmf-dist/tex/latex/base/article.cls
Document Class: article 2007/10/19 v1.4h Standard LaTeX document class
(/usr/share/texlive/texmf-dist/tex/latex/base/size10.clo
File: size10.clo 2007/10/19 v1.4h Standard LaTeX file (size option)
)
\c@part=\count79
\c@section=\count80
\c@subsection=\count81
\c@subsubsection=\count82
\c@paragraph=\count83
\c@subparagraph=\count84
\c@figure=\count85
\c@table=\count86
\abovecaptionskip=\skip41
\belowcaptionskip=\skip42
\bibindent=\dimen102
)
(/usr/share/texlive/texmf-dist/tex/latex/base/doc.sty
Package: doc 2010/02/04 v2.1e Standard LaTeX documentation package (FMi)
\c@StandardModuleDepth=\count87
\guard@level=\count88
\MacrocodeTopsep=\skip43
\MacroIndent=\dimen103
\macro@cnt=\count89
\MacroTopsep=\skip44
\index@excludelist=\toks14

(/usr/share/texlive/texmf-dist/tex/latex/tools/multicol.sty
Package: multicol 2011/06/27 v1.7a multicolumn formatting (FMi)
\c@tracingmulticols=\count90
\mult@box=\box26
\multicol@leftmargin=\dimen104
\c@unbalance=\count91
\c@collectmore=\count92
\doublecol@number=\count93
\multicoltolerance=\count94
\multicolpretolerance=\count95
\full@width=\dimen105
\page@free=\dimen106
\premulticols=\dimen107
\postmulticols=\dimen108
\multicolsep=\skip45
\multicolbaselineskip=\skip46
\partial@page=\box27
\last@line=\box28
\mult@rightbox=\box29
\mult@grightbox=\box30
\mult@gfirstbox=\box31
\mult@firstbox=\box32
\@tempa=\box33
\@tempa=\box34
\@tempa=\box35
\@tempa=\box36
\@tempa=\box37
\@tempa=\box38
\@tempa=\box39
\@tempa=\box40
\@tempa=\box41
\@tempa=\box42
\@tempa=\box43
\@tempa=\box44
\@tempa=\box45
\@tempa=\box46
\@tempa=\box47
\@tempa=\box48
\@tempa=\box49
\c@columnbadness=\count96
\c@finalcolumnbadness=\count97
\last@try=\dimen109
\multicolovershoot=\dimen110
\multicolundershoot=\dimen111
\mult@nat@firstbox=\box50
\colbreak@box=\box51
\multicol@sort@counter=\count98
)
\IndexMin=\dimen112
\c@IndexColumns=\count99
\GlossaryMin=\dimen113
\c@GlossaryColumns=\count100
\check@sum=\count101
\bslash@cnt=\count102
\wrong@table=\toks15
\c@CodelineNo=\count103
))
(/usr/share/texlive/texmf-dist/tex/latex/base/textcomp.sty
Package: textcomp 2005/09/27 v1.99g Standard LaTeX package
Package textcomp Info: Sub-encoding information:
(textcomp)               5 = only ISO-Adobe without \textcurrency
(textcomp)               4 = 5 + \texteuro
(textcomp)               3 = 4 + \textohm
(textcomp)               2 = 3 + \textestimated + \textcurrency
(textcomp)               1 = TS1 - \textcircled - \t
(textcomp)               0 = TS1 (full)
(textcomp)             Font families with sub-encoding setting implement
(textcomp)             only a restricted character set as indicated.
(textcomp)             Family '?' is the default used for unknown fonts.
(textcomp)             See the documentation for details.
Package textcomp Info: Setting ? sub-encoding to TS1/1 on input line 71.

(/usr/share/texlive/texmf-dist/tex/latex/base/ts1enc.def
File: ts1enc.def 2001/06/05 v3.0e (jk/car/fm) Standard LaTeX file
)
LaTeX Info: Redefining \oldstylenums on input line 266.
Package textcomp Info: Setting cmr sub-encoding to TS1/0 on input line 281.
Package textcomp Info: Setting cmss sub-encoding to TS1/0 on input line 282.
Package textcomp Info: Setting cmtt sub-encoding to TS1/0 on input line 283.
Package textcomp Info: Setting cmvtt sub-encoding to TS1/0 on input line 284.
Package textcomp Info: Setting cmbr sub-encoding to TS1/0 on input line 285.
Package textcomp Info: Setting cmtl sub-encoding to TS1/0 on input line 286.
Package textcomp Info: Setting ccr sub-encoding to TS1/0 on input line 287.
Package textcomp Info: Setting ptm sub-encoding to TS1/4 on input line 288.
Package textcomp Info: Setting pcr sub-encoding to TS1/4 on input line 289.
Package textcomp Info: Setting phv sub-encoding to TS1/4 on input line 290.
Package textcomp Info: Setting ppl sub-encoding to TS1/3 on input line 291.
Package textcomp Info: Setting pag sub-encoding to TS1/4 on input line 292.
Package textcomp Info: Setting pbk sub-encoding to TS1/4 on input line 293.
Package textcomp Info: Setting pnc sub-encoding to TS1/4 on input line 294.
Package textcomp Info: Setting pzc sub-encoding to TS1/4 on input line 295.
Package textcomp Info: Setting bch sub-encoding to TS1/4 on input line 296.
Package textcomp Info: Setting put sub-encoding to TS1/5 on input line 297.
Package textcomp Info: Setting uag sub-encoding to TS1/5 on input line 298.
Package textcomp Info: Setting ugq sub-encoding to TS1/5 on input line 299.
Package textcomp Info: Setting ul8 sub-encoding to TS1/4 on input line 300.
Package textcomp Info: Setting ul9 sub-encoding to TS1/4 on input line 301.
Package textcomp Info: Setting augie sub-encoding to TS1/5 on input line 302.
Package textcomp Info: Setting dayrom sub-encoding to TS1/3 on input line 303.
Package textcomp Info: Setting dayroms sub-encoding to TS1/3 on input line 304.

Package textcomp Info: Setting pxr sub-encoding to TS1/0 on input line 305.
Package textcomp Info: Setting pxss sub-encoding to TS1/0 on input line 306.
Package textcomp Info: Setting pxtt sub-encoding to TS1/0 on input line 307.
Package textcomp Info: Setting txr sub-encoding to TS1/0 on input line 308.
Package textcomp Info: Setting txss sub-encoding to TS1/0 on input line 309.
Package textcomp Info: Setting txtt sub-encoding to TS1/0 on input line 310.
Package textcomp Info: Setting lmr sub-encoding to TS1/0 on input line 311.
Package textcomp Info: Setting lmdh sub-encoding to TS1/0 on input line 312.
Package textcomp Info: Setting lmss sub-encoding to TS1/0 on input line 313.
Package textcomp Info: Setting lmssq sub-encoding to TS1/0 on input line 314.
Package textcomp Info: Setting lmvtt sub-encoding to TS1/0 on input line 315.
Package textcomp Info: Setting qhv sub-encoding to TS1/0 on input line 316.
Package textcomp Info: Setting qag sub-encoding to TS1/0 on input line 317.
Package textcomp Info: Setting qbk sub-encoding to TS1/0 on input line 318.
Package textcomp Info: Setting qcr sub-encoding to TS1/0 on input line 319.
Package textcomp Info: Setting qcs sub-encoding to TS1/0 on input line 320.
Package textcomp Info: Setting qpl sub-encoding to TS1/0 on input line 321.
Package textcomp Info: Setting qtm sub-encoding to TS1/0 on input line 322.
Package textcomp Info: Setting qzc sub-encoding to TS1/0 on input line 323.
Package textcomp Info: Setting qhvc sub-encoding to TS1/0 on input line 324.
Package textcomp Info: Setting futs sub-encoding to TS1/4 on input line 325.
Package textcomp Info: Setting futx sub-encoding to TS1/4 on input line 326.
Package textcomp Info: Setting futj sub-encoding to TS1/4 on input line 327.
Package textcomp Info: Setting hlh sub-encoding to TS1/3 on input line 328.
Package textcomp Info: Setting hls sub-encoding to TS1/3 on input line 329.
Package textcomp Info: Setting hlst sub-encoding to TS1/3 on input line 330.
Package textcomp Info: Setting hlct sub-encoding to TS1/5 on input line 331.
Package textcomp Info: Setting hlx sub-encoding to TS1/5 on input line 332.
Package textcomp Info: Setting hlce sub-encoding to TS1/5 on input line 333.
Package textcomp Info: Setting hlcn sub-encoding to TS1/5 on input line 334.
Package textcomp Info: Setting hlcw sub-encoding to TS1/5 on input line 335.
Package textcomp Info: Setting hlcf sub-encoding to TS1/5 on input line 336.
Package textcomp Info: Setting pplx sub-encoding to TS1/3 on input line 337.
Package textcomp Info: Setting pplj sub-encoding to TS1/3 on input line 338.
Package textcomp Info: Setting ptmx sub-encoding to TS1/4 on input line 339.
Package textcomp Info: Setting ptmj sub-encoding to TS1/4 on input line 340.
) (./bytefield.sty
Package: bytefield 2014/06/03 v2.2 Network protocol diagrams

(/usr/share/texlive/texmf-dist/tex/latex/tools/calc.sty
Package: calc 2007/08/22 v4.3 Infix arithmetic (KKT,FJ)
\calc@Acount=\count104
\calc@Bcount=\count105
\calc@Adimen=\dimen114
\calc@Bdimen=\dimen115
\calc@Askip=\skip47
\calc@Bskip=\skip48
LaTeX Info: Redefining \setlength on input line 76.
LaTeX Info: Redefining \addtolength on input line 77.
\calc@Ccount=\count106
\calc@Cskip=\skip49
)
(/usr/share/texlive/texmf-dist/tex/latex/graphics/keyval.sty
Package: keyval 1999/03/16 v1.13 key=value parser (DPC)
\KV@toks@=\toks16
)
\bytefield@height=\skip50
\bytefield@height@increment=\skip51
\entire@bytefield@picture=\box52
\bf@bitwidth=\skip52
\bf@bitheight=\skip53
\units@wide=\skip54
\units@tall=\skip55
\units@high=\skip56
\header@xpos=\skip57
\c@header@val=\count107
\c@max@header@val=\count108
\curly@box=\box53
\wordlabelr@start=\skip58
\wordlabelr@end=\skip59
\wordlabell@start=\skip60
\wordlabell@end=\skip61
\total@lbox@width=\skip62
\label@box@width=\skip63
\label@box@height=\skip64
\word@label@box=\box54
)
(/usr/share/texlive/texmf-dist/tex/latex/graphics/color.sty
Package: color 2005/11/14 v1.0j Standard LaTeX Color (DPC)

(/usr/share/texlive/texmf-dist/tex/latex/latexconfig/color.cfg
File: color.cfg 2007/01/18 v1.5 color configuration of teTeX/TeXLive
)
Package color Info: Driver file: dvips.def on input line 130.

(/usr/share/texlive/texmf-dist/tex/latex/graphics/dvips.def
File: dvips.def 1999/02/16 v3.0i Driver-dependant file (DPC,SPQR)
)
(/usr/share/texlive/texmf-dist/tex/latex/graphics/dvipsnam.def
File: dvipsnam.def 1999/02/16 v3.0i Driver-dependant file (DPC,SPQR)
))
(/usr/share/texlive/texmf-dist/tex/latex/rotating/rotating.sty
Package: rotating 2009/03/28 v2.16a rotated objects in LaTeX

(/usr/share/texlive/texmf-dist/tex/latex/graphics/graphicx.sty
Package: graphicx 1999/02/16 v1.0f Enhanced LaTeX Graphics (DPC,SPQR)

(/usr/share/texlive/texmf-dist/tex/latex/graphics/graphics.sty
Package: graphics 2009/02/05 v1.0o Standard LaTeX Graphics (DPC,SPQR)

(/usr/share/texlive/texmf-dist/tex/latex/graphics/trig.sty
Package: trig 1999/03/16 v1.09 sin cos tan (DPC)
)
(/usr/share/texlive/texmf-dist/tex/latex/latexconfig/graphics.cfg
File: graphics.cfg 2010/04/23 v1.9 graphics configuration of TeX Live
)
Package graphics Info: Driver file: dvips.def on input line 91.
)
\Gin@req@height=\dimen116
\Gin@req@width=\dimen117
)
(/usr/share/texlive/texmf-dist/tex/latex/base/ifthen.sty
Package: ifthen 2001/05/26 v1.1c Standard LaTeX ifthen package (DPC)
)
\c@r@tfl@t=\count109
\rotFPtop=\skip65
\rotFPbot=\skip66
\rot@float@box=\box55
\rot@mess@toks=\toks17
)

! LaTeX Error: File `multirow.sty' not found.

Type X to quit or <RETURN> to proceed,
or enter new name. (Default extension: sty)

Enter file name: 
(/usr/share/texlive/texmf-dist/tex/latex/tools/array.sty
Package: array 2008/09/09 v2.4c Tabular extension package (FMi)
\col@sep=\dimen118
\extrarowheight=\dimen119
\NC@list=\toks18
\extratabsurround=\skip67
\backup@length=\skip68
)
(/usr/share/texlive/texmf-dist/tex/latex/wasysym/wasysym.sty
Package: wasysym 2003/10/30 v2.0 Wasy-2 symbol support package
\symwasy=\mathgroup4
LaTeX Font Info:    Overwriting symbol font `wasy' in version `bold'
(Font)                  U/wasy/m/n --> U/wasy/b/n on input line 90.
)
(/usr/share/texlive/texmf-dist/tex/latex/oberdiek/hypdoc.sty
Package: hypdoc 2011/08/19 v1.11 Hyper extensions for doc.sty (HO)

(/usr/share/texlive/texmf-dist/tex/latex/oberdiek/atveryend.sty
Package: atveryend 2011/06/30 v1.8 Hooks at the very end of document (HO)
Package atveryend Info: \enddocument detected (standard20110627).
)
(/usr/share/texlive/texmf-dist/tex/latex/hyperref/hyperref.sty
Package: hyperref 2012/11/06 v6.83m Hypertext links for LaTeX

(/usr/share/texlive/texmf-dist/tex/generic/oberdiek/hobsub-hyperref.sty
Package: hobsub-hyperref 2012/05/28 v1.13 Bundle oberdiek, subset hyperref (HO)


(/usr/share/texlive/texmf-dist/tex/generic/oberdiek/hobsub-generic.sty
Package: hobsub-generic 2012/05/28 v1.13 Bundle oberdiek, subset generic (HO)
Package: hobsub 2012/05/28 v1.13 Construct package bundles (HO)
Package: infwarerr 2010/04/08 v1.3 Providing info/warning/error messages (HO)
Package: ltxcmds 2011/11/09 v1.22 LaTeX kernel commands for general use (HO)
Package: ifluatex 2010/03/01 v1.3 Provides the ifluatex switch (HO)
Package ifluatex Info: LuaTeX not detected.
Package: ifvtex 2010/03/01 v1.5 Detect VTeX and its facilities (HO)
Package ifvtex Info: VTeX not detected.
Package: intcalc 2007/09/27 v1.1 Expandable calculations with integers (HO)
Package: ifpdf 2011/01/30 v2.3 Provides the ifpdf switch (HO)
Package ifpdf Info: pdfTeX in PDF mode is not detected.
Package: etexcmds 2011/02/16 v1.5 Avoid name clashes with e-TeX commands (HO)
Package etexcmds Info: Could not find \expanded.
(etexcmds)             That can mean that you are not using pdfTeX 1.50 or
(etexcmds)             that some package has redefined \expanded.
(etexcmds)             In the latter case, load this package earlier.
Package: kvsetkeys 2012/04/25 v1.16 Key value parser (HO)
Package: kvdefinekeys 2011/04/07 v1.3 Define keys (HO)
Package: pdftexcmds 2011/11/29 v0.20 Utility functions of pdfTeX for LuaTeX (HO
)
Package pdftexcmds Info: LuaTeX not detected.
Package pdftexcmds Info: \pdf@primitive is available.
Package pdftexcmds Info: \pdf@ifprimitive is available.
Package pdftexcmds Info: \pdfdraftmode is ignored in DVI mode.
Package: pdfescape 2011/11/25 v1.13 Implements pdfTeX's escape features (HO)
Package: bigintcalc 2012/04/08 v1.3 Expandable calculations on big integers (HO
)
Package: bitset 2011/01/30 v1.1 Handle bit-vector datatype (HO)
Package: uniquecounter 2011/01/30 v1.2 Provide unlimited unique counter (HO)
)
Package hobsub Info: Skipping package `hobsub' (already loaded).
Package: letltxmacro 2010/09/02 v1.4 Let assignment for LaTeX macros (HO)
Package: hopatch 2012/05/28 v1.2 Wrapper for package hooks (HO)
Package: xcolor-patch 2011/01/30 xcolor patch
Package hobsub Info: Skipping package `atveryend' (already loaded).
Package: atbegshi 2011/10/05 v1.16 At begin shipout hook (HO)
Package: refcount 2011/10/16 v3.4 Data extraction from label references (HO)
Package: hycolor 2011/01/30 v1.7 Color options for hyperref/bookmark (HO)
)
(/usr/share/texlive/texmf-dist/tex/generic/ifxetex/ifxetex.sty
Package: ifxetex 2010/09/12 v0.6 Provides ifxetex conditional
)
(/usr/share/texlive/texmf-dist/tex/latex/oberdiek/auxhook.sty
Package: auxhook 2011/03/04 v1.3 Hooks for auxiliary files (HO)
)
(/usr/share/texlive/texmf-dist/tex/latex/oberdiek/kvoptions.sty
Package: kvoptions 2011/06/30 v3.11 Key value format for package options (HO)
)
\@linkdim=\dimen120
\Hy@linkcounter=\count110
\Hy@pagecounter=\count111

(/usr/share/texlive/texmf-dist/tex/latex/hyperref/pd1enc.def
File: pd1enc.def 2012/11/06 v6.83m Hyperref: PDFDocEncoding definition (HO)
)
\Hy@SavedSpaceFactor=\count112

(/usr/share/texlive/texmf-dist/tex/latex/latexconfig/hyperref.cfg
File: hyperref.cfg 2002/06/06 v1.2 hyperref configuration of TeXLive
)
Package hyperref Info: Option `hyperindex' set `false' on input line 4319.
Package hyperref Info: Option `pdfusetitle' set `true' on input line 4319.
Package hyperref Info: Option `colorlinks' set `true' on input line 4319.
Package hyperref Info: Option `pdfpagelabels' set `true' on input line 4319.
Package hyperref Info: Hyper figures OFF on input line 4443.
Package hyperref Info: Link nesting OFF on input line 4448.
Package hyperref Info: Hyper index OFF on input line 4453.
Package hyperref Info: Plain pages OFF on input line 4458.
Package hyperref Info: Backreferencing OFF on input line 4463.
Package hyperref Info: Implicit mode ON; LaTeX internals redefined.
Package hyperref Info: Bookmarks ON on input line 4688.
\c@Hy@tempcnt=\count113

(/usr/share/texlive/texmf-dist/tex/latex/url/url.sty
\Urlmuskip=\muskip10
Package: url 2013/09/16  ver 3.4  Verb mode for urls, etc.
)
LaTeX Info: Redefining \url on input line 5041.
\XeTeXLinkMargin=\dimen121
\Fld@menulength=\count114
\Field@Width=\dimen122
\Fld@charsize=\dimen123
Package hyperref Info: Hyper figures OFF on input line 6295.
Package hyperref Info: Link nesting OFF on input line 6300.
Package hyperref Info: Hyper index OFF on input line 6305.
Package hyperref Info: backreferencing OFF on input line 6310.
Package hyperref Info: Link coloring ON on input line 6313.
Package hyperref Info: Link coloring with OCG OFF on input line 6320.
Package hyperref Info: PDF/A mode OFF on input line 6325.
LaTeX Info: Redefining \ref on input line 6365.
LaTeX Info: Redefining \pageref on input line 6369.
\Hy@abspage=\count115
\c@Item=\count116
\c@Hfootnote=\count117
)

Package hyperref Message: Driver (default): hdvips.

(/usr/share/texlive/texmf-dist/tex/latex/hyperref/hdvips.def
File: hdvips.def 2012/11/06 v6.83m Hyperref driver for dvips

(/usr/share/texlive/texmf-dist/tex/latex/hyperref/pdfmark.def
File: pdfmark.def 2012/11/06 v6.83m Hyperref definitions for pdfmark specials
\pdf@docset=\toks19
\pdf@box=\box56
\pdf@toks=\toks20
\pdf@defaulttoks=\toks21
\HyField@AnnotCount=\count118
\Fld@listcount=\count119
\c@bookmark@seq@number=\count120

(/usr/share/texlive/texmf-dist/tex/latex/oberdiek/rerunfilecheck.sty
Package: rerunfilecheck 2011/04/15 v1.7 Rerun checks for auxiliary files (HO)
Package uniquecounter Info: New unique counter `rerunfilecheck' on input line 2
82.
)
\Hy@SectionHShift=\skip69
))
Package hyperref Info: Option `plainpages' set `false' on input line 60.
Package hyperref Info: Option `bookmarksopen' set `true' on input line 60.
Package hyperref Info: Option `bookmarksnumbered' set `true' on input line 60.

(/usr/share/texlive/texmf-dist/tex/generic/thumbpdf/thumbpdf.sty
Package: thumbpdf 2012/04/18 v3.15 Inclusion of thumbnails (HO)


Package thumbpdf Warning: Missing driver name.

)
\c@HD@unique=\count121
\c@HD@hypercount=\count122
\HD@helplength=\skip70
) (/usr/share/texlive/texmf-dist/tex/latex/oberdiek/hypcap.sty
Package: hypcap 2011/02/16 v1.11 Adjusting the anchors of captions (HO)
)
Package hyperref Info: Option `colorlinks' set `false' on input line 49.
Package hyperref Info: Option `bookmarksopen' set `true' on input line 49.
\@indexfile=\write3
\openout3 = `bytefield.idx'.


Writing index file bytefield.idx
\@glossaryfile=\write4
\openout4 = `bytefield.glo'.

Writing glossary file bytefield.glo 
No file bytefield.aux.
\openout1 = `bytefield.aux'.

LaTeX Font Info:    Checking defaults for OML/cmm/m/it on input line 54.
LaTeX Font Info:    ... okay on input line 54.
LaTeX Font Info:    Checking defaults for T1/cmr/m/n on input line 54.
LaTeX Font Info:    ... okay on input line 54.
LaTeX Font Info:    Checking defaults for OT1/cmr/m/n on input line 54.
LaTeX Font Info:    ... okay on input line 54.
LaTeX Font Info:    Checking defaults for OMS/cmsy/m/n on input line 54.
LaTeX Font Info:    ... okay on input line 54.
LaTeX Font Info:    Checking defaults for OMX/cmex/m/n on input line 54.
LaTeX Font Info:    ... okay on input line 54.
LaTeX Font Info:    Checking defaults for U/cmr/m/n on input line 54.
LaTeX Font Info:    ... okay on input line 54.
LaTeX Font Info:    Checking defaults for TS1/cmr/m/n on input line 54.
LaTeX Font Info:    Try loading font information for TS1+cmr on input line 54.
(/usr/share/texlive/texmf-dist/tex/latex/base/ts1cmr.fd
File: ts1cmr.fd 1999/05/25 v2.5h Standard LaTeX font definitions
)
LaTeX Font Info:    ... okay on input line 54.
LaTeX Font Info:    Checking defaults for PD1/pdf/m/n on input line 54.
LaTeX Font Info:    ... okay on input line 54.
Package doc Info: Made | a short reference for \verb on input line 54.
\AtBeginShipoutBox=\box57
Package hyperref Info: Link coloring OFF on input line 54.

(/usr/share/texlive/texmf-dist/tex/latex/hyperref/nameref.sty
Package: nameref 2012/10/27 v2.43 Cross-referencing by name of section

(/usr/share/texlive/texmf-dist/tex/generic/oberdiek/gettitlestring.sty
Package: gettitlestring 2010/12/03 v1.4 Cleanup title references (HO)
)
\c@section@level=\count123
)
LaTeX Info: Redefining \ref on input line 54.
LaTeX Info: Redefining \pageref on input line 54.
LaTeX Info: Redefining \nameref on input line 54.
\@outlinefile=\write5
\openout5 = `bytefield.out'.



Package hyperref Warning: Rerun to get /PageLabels entry.

\HD@savedest@out=\write6
\openout6 = `bytefield.hd'.

(./bytefield.dtx
***************************
* Character table correct *
***************************
LaTeX Font Info:    External font `cmex10' loaded for size
(Font)              <17.28> on input line 128.
LaTeX Font Info:    External font `cmex10' loaded for size
(Font)              <12> on input line 128.
LaTeX Font Info:    Try loading font information for U+wasy on input line 128.
(/usr/share/texlive/texmf-dist/tex/latex/wasysym/uwasy.fd
File: uwasy.fd 2003/10/30 v2.0 Wasy-2 symbol font definitions
)
LaTeX Font Info:    External font `cmex10' loaded for size
(Font)              <8> on input line 128.
LaTeX Font Info:    External font `cmex10' loaded for size
(Font)              <6> on input line 128.
LaTeX Font Info:    External font `cmex10' loaded for size
(Font)              <5> on input line 128.
\declbox=\box58
\protocoldiagram=\box59


LaTeX Warning: Reference `sec:upgrading' on page 1 undefined on input line 242.


LaTeX Font Info:    External font `cmex10' loaded for size
(Font)              <7> on input line 242.
[1

]
Overfull \hbox (4.09583pt too wide) in paragraph at lines 304--304
[]       \OT1/cmtt/m/n/9 |V=2|P|X|  CC   |M|     PT      |       sequence numbe
r         | RTP[] 
 []


Overfull \hbox (18.27066pt too wide) in paragraph at lines 304--304
[]       \OT1/cmtt/m/n/9 |                           timestamp                 
          | Header[] 
 []


Overfull \hbox (4.09583pt too wide) in paragraph at lines 304--304
[]       \OT1/cmtt/m/n/9 |                                                     
          | RTP[] 
 []


Overfull \hbox (8.82077pt too wide) in paragraph at lines 304--304
[]       \OT1/cmtt/m/n/9 |       MPEG-4 Visual stream (byte aligned)           
          | Pay-[] 
 []


Overfull \hbox (8.82077pt too wide) in paragraph at lines 304--304
[]       \OT1/cmtt/m/n/9 |                                                     
          | load[] 
 []

[2]

LaTeX Warning: Reference `fig:rtp-mpeg4' on page 3 undefined on input line 330.



LaTeX Warning: Reference `sec:basic-cmds' on page 3 undefined on input line 331
.


LaTeX Warning: Reference `sec:options' on page 3 undefined on input line 331.

\height=\dimen124 (locally)
\depth=\dimen125 (locally)
\totalheight=\dimen126 (locally)
\width=\dimen127 (locally)
\height=\dimen124 (locally)
\depth=\dimen125 (locally)
\totalheight=\dimen126 (locally)
\width=\dimen127 (locally)
\height=\dimen124 (locally)
\depth=\dimen125 (locally)
\totalheight=\dimen126 (locally)
\width=\dimen127 (locally)
\height=\dimen124 (locally)
\depth=\dimen125 (locally)
\totalheight=\dimen126 (locally)
\width=\dimen127 (locally)
\height=\dimen124 (locally)
\depth=\dimen125 (locally)
\totalheight=\dimen126 (locally)
\width=\dimen127 (locally)
\height=\dimen124 (locally)
\depth=\dimen125 (locally)
\totalheight=\dimen126 (locally)
\width=\dimen127 (locally)
\height=\dimen124 (locally)
\depth=\dimen125 (locally)
\totalheight=\dimen126 (locally)
\width=\dimen127 (locally)
\height=\dimen124 (locally)
\depth=\dimen125 (locally)
\totalheight=\dimen126 (locally)
\width=\dimen127 (locally)
\curly@height=\dimen124 (locally)
\half@curly@height=\dimen125 (locally)
\curly@shift=\dimen126 (locally)
\total@box@width=\dimen124 (locally)
\height=\dimen124 (locally)
\depth=\dimen125 (locally)
\totalheight=\dimen126 (locally)
\width=\dimen127 (locally)
\height=\dimen124 (locally)
\depth=\dimen125 (locally)
\totalheight=\dimen126 (locally)
\width=\dimen127 (locally)
\height=\dimen124 (locally)
\depth=\dimen125 (locally)
\totalheight=\dimen126 (locally)
\width=\dimen127 (locally)
\height=\dimen124 (locally)
\depth=\dimen125 (locally)
\totalheight=\dimen126 (locally)
\width=\dimen127 (locally)
\height=\dimen124 (locally)
\depth=\dimen125 (locally)
\totalheight=\dimen126 (locally)
\width=\dimen127 (locally)
\height=\dimen124 (locally)
\depth=\dimen125 (locally)
\totalheight=\dimen126 (locally)
\width=\dimen127 (locally)
\curly@height=\dimen124 (locally)
\half@curly@height=\dimen125 (locally)
\curly@shift=\dimen126 (locally)
\total@box@width=\dimen124 (locally)

LaTeX Warning: Reference `sec:options' on page 3 undefined on input line 380.

[3]
\height=\dimen124 (locally)
\depth=\dimen125 (locally)
\totalheight=\dimen126 (locally)
\width=\dimen127 (locally)
\height=\dimen124 (locally)
\depth=\dimen125 (locally)
\totalheight=\dimen126 (locally)
\width=\dimen127 (locally)
\height=\dimen124 (locally)
\depth=\dimen125 (locally)
\totalheight=\dimen126 (locally)
\width=\dimen127 (locally)
\height=\dimen124 (locally)
\depth=\dimen125 (locally)
\totalheight=\dimen126 (locally)
\width=\dimen127 (locally)


LaTeX Warning: Reference `sec:tricks' on page 4 undefined on input line 439.

[4]
\height=\dimen124 (locally)
\depth=\dimen125 (locally)
\totalheight=\dimen126 (locally)
\width=\dimen127 (locally)
\height=\dimen124 (locally)
\depth=\dimen125 (locally)
\totalheight=\dimen126 (locally)
\width=\dimen127 (locally)
\height=\dimen124 (locally)
\depth=\dimen125 (locally)
\totalheight=\dimen126 (locally)
\width=\dimen127 (locally)
\height=\dimen124 (locally)
\depth=\dimen125 (locally)
\totalheight=\dimen126 (locally)
\width=\dimen127 (locally)
\height=\dimen124 (locally)
\depth=\dimen125 (locally)
\totalheight=\dimen126 (locally)
\width=\dimen127 (locally)
\height=\dimen124 (locally)
\depth=\dimen125 (locally)
\totalheight=\dimen126 (locally)
\width=\dimen127 (locally)
\height=\dimen124 (locally)
\depth=\dimen125 (locally)
\totalheight=\dimen126 (locally)
\width=\dimen127 (locally)
\height=\dimen124 (locally)
\depth=\dimen125 (locally)
\totalheight=\dimen126 (locally)
\width=\dimen127 (locally)
\height=\dimen124 (locally)
\depth=\dimen125 (locally)
\totalheight=\dimen126 (locally)
\width=\dimen127 (locally)
\height=\dimen124 (locally)
\depth=\dimen125 (locally)
\totalheight=\dimen126 (locally)
\width=\dimen127 (locally)
\height=\dimen124 (locally)
\depth=\dimen125 (locally)
\totalheight=\dimen126 (locally)
\width=\dimen127 (locally)
\height=\dimen124 (locally)
\depth=\dimen125 (locally)
\totalheight=\dimen126 (locally)
\width=\dimen127 (locally)
\height=\dimen124 (locally)
\depth=\dimen125 (locally)
\totalheight=\dimen126 (locally)
\width=\dimen127 (locally)
\height=\dimen124 (locally)
\depth=\dimen125 (locally)
\totalheight=\dimen126 (locally)
\width=\dimen127 (locally)
\height=\dimen124 (locally)
\depth=\dimen125 (locally)
\totalheight=\dimen126 (locally)
\width=\dimen127 (locally)
\height=\dimen124 (locally)
\depth=\dimen125 (locally)
\totalheight=\dimen126 (locally)
\width=\dimen127 (locally)
\height=\dimen124 (locally)
\depth=\dimen125 (locally)
\totalheight=\dimen126 (locally)
\width=\dimen127 (locally)
\height=\dimen124 (locally)
\depth=\dimen125 (locally)
\totalheight=\dimen126 (locally)
\width=\dimen127 (locally)
\height=\dimen124 (locally)
\depth=\dimen125 (locally)
\totalheight=\dimen126 (locally)
\width=\dimen127 (locally)
\height=\dimen124 (locally)
\depth=\dimen125 (locally)
\totalheight=\dimen126 (locally)
\width=\dimen127 (locally)
\height=\dimen124 (locally)
\depth=\dimen125 (locally)
\totalheight=\dimen126 (locally)
\width=\dimen127 (locally)
\height=\dimen124 (locally)
\depth=\dimen125 (locally)
\totalheight=\dimen126 (locally)
\width=\dimen127 (locally)
\height=\dimen124 (locally)
\depth=\dimen125 (locally)
\totalheight=\dimen126 (locally)
\width=\dimen127 (locally)
\height=\dimen124 (locally)
\depth=\dimen125 (locally)
\totalheight=\dimen126 (locally)
\width=\dimen127 (locally)
\height=\dimen124 (locally)
\depth=\dimen125 (locally)
\totalheight=\dimen126 (locally)
\width=\dimen127 (locally)
\height=\dimen124 (locally)
\depth=\dimen125 (locally)
\totalheight=\dimen126 (locally)
\width=\dimen127 (locally)
\height=\dimen124 (locally)
\depth=\dimen125 (locally)
\totalheight=\dimen126 (locally)
\width=\dimen127 (locally)


LaTeX Warning: Reference `sec:options' on page 5 undefined on input line 522.


LaTeX Warning: Reference `sec:options' on page 5 undefined on input line 525.

[5]
\height=\dimen124 (locally)
\depth=\dimen125 (locally)
\totalheight=\dimen126 (locally)
\width=\dimen127 (locally)
\height=\dimen124 (locally)
\depth=\dimen125 (locally)
\totalheight=\dimen126 (locally)
\width=\dimen127 (locally)
\height=\dimen124 (locally)
\depth=\dimen125 (locally)
\totalheight=\dimen126 (locally)
\width=\dimen127 (locally)
\height=\dimen124 (locally)
\depth=\dimen125 (locally)
\totalheight=\dimen126 (locally)
\width=\dimen127 (locally)

Underfull \hbox (badness 1331) in paragraph at lines 580--588
[]\OT1/cmr/m/n/10 Unlike other L[]T[]X en-vi-ron-ments, []\OT1/cmtt/m/n/10 righ
twordgroup \OT1/cmr/m/n/10 and []\OT1/cmtt/m/n/10 leftwordgroup
 []


Underfull \hbox (badness 2865) in paragraph at lines 580--588
\OT1/cmr/m/n/10 do not have to nest prop-erly with each other. How-ever, they c
an-
 []


Underfull \hbox (badness 5147) in paragraph at lines 580--588
\OT1/cmr/m/n/10 not over-lap them-selves. In other words, []\OT1/cmtt/m/n/10 \b
egin{rightwordgroup}$[]$
 []


Underfull \hbox (badness 1701) in paragraph at lines 580--588
\OT1/cmr/m/n/10 valid se-quence, but []\OT1/cmtt/m/n/10 \begin{rightwordgroup}$
[]$[]\begin{rightwordgroup}$[]$
 []

[6]
Underfull \hbox (badness 1365) in paragraph at lines 603--607
\OT1/cmr/m/n/10 Note the jux-ta-po-si-tion of ``[]\OT1/cmtt/m/n/10 \\\OT1/cmr/m
/n/10 '' to the []\OT1/cmtt/m/n/10 \begin{rightwordgroup} \OT1/cmr/m/n/10 and t
he
 []

\height=\dimen124 (locally)
\depth=\dimen125 (locally)
\totalheight=\dimen126 (locally)
\width=\dimen127 (locally)
\height=\dimen124 (locally)
\depth=\dimen125 (locally)
\totalheight=\dimen126 (locally)
\width=\dimen127 (locally)
\height=\dimen124 (locally)
\depth=\dimen125 (locally)
\totalheight=\dimen126 (locally)
\width=\dimen127 (locally)
\height=\dimen124 (locally)
\depth=\dimen125 (locally)
\totalheight=\dimen126 (locally)
\width=\dimen127 (locally)
\curly@height=\dimen124 (locally)
\half@curly@height=\dimen125 (locally)
\curly@shift=\dimen126 (locally)
\total@box@width=\dimen124 (locally)
\height=\dimen124 (locally)
\depth=\dimen125 (locally)
\totalheight=\dimen126 (locally)
\width=\dimen127 (locally)
\height=\dimen124 (locally)
\depth=\dimen125 (locally)
\totalheight=\dimen126 (locally)
\width=\dimen127 (locally)
\height=\dimen124 (locally)
\depth=\dimen125 (locally)
\totalheight=\dimen126 (locally)
\width=\dimen127 (locally)
\curly@height=\dimen124 (locally)
\half@curly@height=\dimen125 (locally)
\curly@shift=\dimen126 (locally)
\height=\dimen124 (locally)
\depth=\dimen125 (locally)
\totalheight=\dimen126 (locally)
\width=\dimen127 (locally)
\height=\dimen124 (locally)
\depth=\dimen125 (locally)
\totalheight=\dimen126 (locally)
\width=\dimen127 (locally)
\starting@point=\dimen124 (locally)
\curly@height=\dimen125 (locally)
\half@curly@height=\dimen126 (locally)
\curly@shift=\dimen127 (locally)
\curly@height=\dimen124 (locally)
\half@curly@height=\dimen125 (locally)
\curly@shift=\dimen126 (locally)
\total@box@width=\dimen124 (locally)
\height=\dimen124 (locally)
\depth=\dimen125 (locally)
\totalheight=\dimen126 (locally)
\width=\dimen127 (locally)
[7]
Underfull \hbox (badness 1199) in paragraph at lines 660--663
[]\OT1/cmr/m/n/10 Draw a graphic rep-re-sent-ing a num-ber of words that are no
t shown.
 []

\height=\dimen124 (locally)
\depth=\dimen125 (locally)
\totalheight=\dimen126 (locally)
\width=\dimen127 (locally)
\height=\dimen124 (locally)
\depth=\dimen125 (locally)
\totalheight=\dimen126 (locally)
\width=\dimen127 (locally)
\height=\dimen124 (locally)
\depth=\dimen125 (locally)
\totalheight=\dimen126 (locally)
\width=\dimen127 (locally)
\height=\dimen124 (locally)
\depth=\dimen125 (locally)
\totalheight=\dimen126 (locally)
\width=\dimen127 (locally)

LaTeX Warning: Reference `sec:options' on page 8 undefined on input line 690.

[8]
\height=\dimen124 (locally)
\depth=\dimen125 (locally)
\totalheight=\dimen126 (locally)
\width=\dimen127 (locally)
\height=\dimen124 (locally)
\depth=\dimen125 (locally)
\totalheight=\dimen126 (locally)
\width=\dimen127 (locally)
\height=\dimen124 (locally)
\depth=\dimen125 (locally)
\totalheight=\dimen126 (locally)
\width=\dimen127 (locally)
\height=\dimen124 (locally)
\depth=\dimen125 (locally)
\totalheight=\dimen126 (locally)
\width=\dimen127 (locally)
\height=\dimen124 (locally)
\depth=\dimen125 (locally)
\totalheight=\dimen126 (locally)
\width=\dimen127 (locally)
 [9]
\height=\dimen124 (locally)
\depth=\dimen125 (locally)
\totalheight=\dimen126 (locally)
\width=\dimen127 (locally)
\height=\dimen124 (locally)
\depth=\dimen125 (locally)
\totalheight=\dimen126 (locally)
\width=\dimen127 (locally)
\height=\dimen124 (locally)
\depth=\dimen125 (locally)
\totalheight=\dimen126 (locally)
\width=\dimen127 (locally)
\height=\dimen124 (locally)
\depth=\dimen125 (locally)
\totalheight=\dimen126 (locally)
\width=\dimen127 (locally)
\height=\dimen124 (locally)
\depth=\dimen125 (locally)
\totalheight=\dimen126 (locally)
\width=\dimen127 (locally)

Overfull \hbox (4.09583pt too wide) in paragraph at lines 825--825
[]         \OT1/cmtt/m/n/9 \bitbox{1}{\tiny F/E} & \bitbox{1}{\tiny T0} & \bitb
ox{1}{\tiny T1}[] 
 []

\height=\dimen124 (locally)
\depth=\dimen125 (locally)
\totalheight=\dimen126 (locally)
\width=\dimen127 (locally)
\height=\dimen124 (locally)
\depth=\dimen125 (locally)
\totalheight=\dimen126 (locally)
\width=\dimen127 (locally)
\height=\dimen124 (locally)
\depth=\dimen125 (locally)
\totalheight=\dimen126 (locally)
\width=\dimen127 (locally)
\height=\dimen124 (locally)
\depth=\dimen125 (locally)
\totalheight=\dimen126 (locally)
\width=\dimen127 (locally)
\height=\dimen124 (locally)
\depth=\dimen125 (locally)
\totalheight=\dimen126 (locally)
\width=\dimen127 (locally)
[10]
Overfull \hbox (4.09583pt too wide) in paragraph at lines 872--872
[]         \OT1/cmtt/m/n/9 \bitbox{1}{\tiny F/E} & \bitbox{1}{\tiny T0} & \bitb
ox{1}{\tiny T1}[] 
 []

\height=\dimen124 (locally)
\depth=\dimen125 (locally)
\totalheight=\dimen126 (locally)
\width=\dimen127 (locally)
\height=\dimen124 (locally)
\depth=\dimen125 (locally)
\totalheight=\dimen126 (locally)
\width=\dimen127 (locally)
\height=\dimen124 (locally)
\depth=\dimen125 (locally)
\totalheight=\dimen126 (locally)
\width=\dimen127 (locally)
\height=\dimen124 (locally)
\depth=\dimen125 (locally)
\totalheight=\dimen126 (locally)
\width=\dimen127 (locally)
\height=\dimen124 (locally)
\depth=\dimen125 (locally)
\totalheight=\dimen126 (locally)
\width=\dimen127 (locally)
[11]
\height=\dimen124 (locally)
\depth=\dimen125 (locally)
\totalheight=\dimen126 (locally)
\width=\dimen127 (locally)
\height=\dimen124 (locally)
\depth=\dimen125 (locally)
\totalheight=\dimen126 (locally)
\width=\dimen127 (locally)
\height=\dimen124 (locally)
\depth=\dimen125 (locally)
\totalheight=\dimen126 (locally)
\width=\dimen127 (locally)
\height=\dimen124 (locally)
\depth=\dimen125 (locally)
\totalheight=\dimen126 (locally)
\width=\dimen127 (locally)
\curly@height=\dimen124 (locally)
\half@curly@height=\dimen125 (locally)
\curly@shift=\dimen126 (locally)
\total@box@width=\dimen124 (locally)
\height=\dimen124 (locally)
\depth=\dimen125 (locally)
\totalheight=\dimen126 (locally)
\width=\dimen127 (locally)
\curly@height=\dimen124 (locally)
\half@curly@height=\dimen125 (locally)
\curly@shift=\dimen126 (locally)
\total@box@width=\dimen124 (locally)
\height=\dimen124 (locally)
\depth=\dimen125 (locally)
\totalheight=\dimen126 (locally)
\width=\dimen127 (locally)
\height=\dimen124 (locally)
\depth=\dimen125 (locally)
\totalheight=\dimen126 (locally)
\width=\dimen127 (locally)
\curly@height=\dimen124 (locally)
\half@curly@height=\dimen125 (locally)
\curly@shift=\dimen126 (locally)
\total@box@width=\dimen124 (locally)
\height=\dimen124 (locally)
\depth=\dimen125 (locally)
\totalheight=\dimen126 (locally)
\width=\dimen127 (locally)
\height=\dimen124 (locally)
\depth=\dimen125 (locally)
\totalheight=\dimen126 (locally)
\width=\dimen127 (locally)
\height=\dimen124 (locally)
\depth=\dimen125 (locally)
\totalheight=\dimen126 (locally)
\width=\dimen127 (locally)
\height=\dimen124 (locally)
\depth=\dimen125 (locally)
\totalheight=\dimen126 (locally)
\width=\dimen127 (locally)
\curly@height=\dimen124 (locally)
\half@curly@height=\dimen125 (locally)
\curly@shift=\dimen126 (locally)
\total@box@width=\dimen124 (locally)


LaTeX Warning: Reference `fig:rightspace' on page 12 undefined on input line 97
3.


Underfull \hbox (badness 10000) in paragraph at lines 973--977
[]\OT1/cmr/m/n/10 Figure [] il-lus-trates the jux-ta-po-si-tion of \OT1/cmtt/m/
n/10 rightcurlyspace[][][] \OT1/cmr/m/n/10 and
 []


Underfull \hbox (badness 1354) in paragraph at lines 973--977
[]\OT1/cmtt/m/n/10 rightlabelspace \OT1/cmr/m/n/10 to a word group and its la-b
el. The \OT1/cmtt/m/n/10 leftcurlyspace[][][]
 []

[12]
\height=\dimen124 (locally)
\depth=\dimen125 (locally)
\totalheight=\dimen126 (locally)
\width=\dimen127 (locally)
\height=\dimen124 (locally)
\depth=\dimen125 (locally)
\totalheight=\dimen126 (locally)
\width=\dimen127 (locally)
\height=\dimen124 (locally)
\depth=\dimen125 (locally)
\totalheight=\dimen126 (locally)
\width=\dimen127 (locally)
\height=\dimen124 (locally)
\depth=\dimen125 (locally)
\totalheight=\dimen126 (locally)
\width=\dimen127 (locally)
\height=\dimen124 (locally)
\depth=\dimen125 (locally)
\totalheight=\dimen126 (locally)
\width=\dimen127 (locally)
 [13]
\height=\dimen124 (locally)
\depth=\dimen125 (locally)
\totalheight=\dimen126 (locally)
\width=\dimen127 (locally)
\height=\dimen124 (locally)
\depth=\dimen125 (locally)
\totalheight=\dimen126 (locally)
\width=\dimen127 (locally)
\height=\dimen124 (locally)
\depth=\dimen125 (locally)
\totalheight=\dimen126 (locally)
\width=\dimen127 (locally)
\height=\dimen124 (locally)
\depth=\dimen125 (locally)
\totalheight=\dimen126 (locally)
\width=\dimen127 (locally)
\height=\dimen124 (locally)
\depth=\dimen125 (locally)
\totalheight=\dimen126 (locally)
\width=\dimen127 (locally)
\height=\dimen124 (locally)
\depth=\dimen125 (locally)
\totalheight=\dimen126 (locally)
\width=\dimen127 (locally)
\height=\dimen124 (locally)
\depth=\dimen125 (locally)
\totalheight=\dimen126 (locally)
\width=\dimen127 (locally)
\height=\dimen124 (locally)
\depth=\dimen125 (locally)
\totalheight=\dimen126 (locally)
\width=\dimen127 (locally)
\height=\dimen124 (locally)
\depth=\dimen125 (locally)
\totalheight=\dimen126 (locally)
\width=\dimen127 (locally)
\height=\dimen124 (locally)
\depth=\dimen125 (locally)
\totalheight=\dimen126 (locally)
\width=\dimen127 (locally)
\height=\dimen124 (locally)
\depth=\dimen125 (locally)
\totalheight=\dimen126 (locally)
\width=\dimen127 (locally)
\height=\dimen124 (locally)
\depth=\dimen125 (locally)
\totalheight=\dimen126 (locally)
\width=\dimen127 (locally)
\height=\dimen124 (locally)
\depth=\dimen125 (locally)
\totalheight=\dimen126 (locally)
\width=\dimen127 (locally)
\height=\dimen124 (locally)
\depth=\dimen125 (locally)
\totalheight=\dimen126 (locally)
\width=\dimen127 (locally)
 [14]
\defaultOK=\box60
\height=\dimen124 (locally)
\depth=\dimen125 (locally)
\totalheight=\dimen126 (locally)
\width=\dimen127 (locally)

Overfull \hbox (6.73602pt too wide) in paragraph at lines 1125--1125
 []\OT1/cmr/m/n/10 OK 
 []

\height=\dimen124 (locally)
\depth=\dimen125 (locally)
\totalheight=\dimen126 (locally)
\width=\dimen127 (locally)
\bitwidthOK=\box61
\height=\dimen124 (locally)
\depth=\dimen125 (locally)
\totalheight=\dimen126 (locally)
\width=\dimen127 (locally)
\height=\dimen124 (locally)
\depth=\dimen125 (locally)
\totalheight=\dimen126 (locally)
\width=\dimen127 (locally)
\tinyOK=\box62
\height=\dimen124 (locally)
\depth=\dimen125 (locally)
\totalheight=\dimen126 (locally)
\width=\dimen127 (locally)

Overfull \hbox (1.39586pt too wide) in paragraph at lines 1140--1140
 []\OT1/cmr/m/n/5 OK 
 []

\height=\dimen124 (locally)
\depth=\dimen125 (locally)
\totalheight=\dimen126 (locally)
\width=\dimen127 (locally)
\verticalOK=\box63
\height=\dimen124 (locally)
\depth=\dimen125 (locally)
\totalheight=\dimen126 (locally)
\width=\dimen127 (locally)
\height=\dimen124 (locally)
\depth=\dimen125 (locally)
\totalheight=\dimen126 (locally)
\width=\dimen127 (locally)
\rotateOK=\box64
\height=\dimen124 (locally)
\depth=\dimen125 (locally)
\totalheight=\dimen126 (locally)
\width=\dimen127 (locally)
\height=\dimen124 (locally)
\depth=\dimen125 (locally)
\totalheight=\dimen126 (locally)
\width=\dimen127 (locally)
\resizeOK=\box65
\height=\dimen124 (locally)
\depth=\dimen125 (locally)
\totalheight=\dimen126 (locally)
\width=\dimen127 (locally)
\height=\dimen124 (locally)
\depth=\dimen125 (locally)
\totalheight=\dimen126 (locally)
\width=\dimen127 (locally)
! Undefined control sequence.
l.1170 %   & \multirow
                      {2}*{\raisebox{-4ex}{\usebox{\bitwidthOK}}} \\
? 
! Undefined control sequence.
l.1175 %   |\let\bw=\width| & \multirow
                                       {2}*{\raisebox{-4ex}{\usebox{\resizeO...

? 
[15]
\height=\dimen124 (locally)
\depth=\dimen125 (locally)
\totalheight=\dimen126 (locally)
\width=\dimen127 (locally)
\height=\dimen124 (locally)
\depth=\dimen125 (locally)
\totalheight=\dimen126 (locally)
\width=\dimen127 (locally)
\height=\dimen124 (locally)
\depth=\dimen125 (locally)
\totalheight=\dimen126 (locally)
\width=\dimen127 (locally)
\height=\dimen124 (locally)
\depth=\dimen125 (locally)
\totalheight=\dimen126 (locally)
\width=\dimen127 (locally)
\height=\dimen124 (locally)
\depth=\dimen125 (locally)
\totalheight=\dimen126 (locally)
\width=\dimen127 (locally)
\height=\dimen124 (locally)
\depth=\dimen125 (locally)
\totalheight=\dimen126 (locally)
\width=\dimen127 (locally)
\height=\dimen124 (locally)
\depth=\dimen125 (locally)
\totalheight=\dimen126 (locally)
\width=\dimen127 (locally)
\height=\dimen124 (locally)
\depth=\dimen125 (locally)
\totalheight=\dimen126 (locally)
\width=\dimen127 (locally)
\height=\dimen124 (locally)
\depth=\dimen125 (locally)
\totalheight=\dimen126 (locally)
\width=\dimen127 (locally)

Overfull \hbox (18.27066pt too wide) in paragraph at lines 1243--1243
[]                    \OT1/cmtt/m/n/9 bitformatting={\tiny\rotatebox[origin=B]{
90}}]{995-1002} \\[] 
 []

\height=\dimen124 (locally)
\depth=\dimen125 (locally)
\totalheight=\dimen126 (locally)
\width=\dimen127 (locally)
\height=\dimen124 (locally)
\depth=\dimen125 (locally)
\totalheight=\dimen126 (locally)
\width=\dimen127 (locally)
[16]
\bitlabelwidth=\skip71
\height=\dimen124 (locally)
\depth=\dimen125 (locally)
\totalheight=\dimen126 (locally)
\width=\dimen127 (locally)
\height=\dimen124 (locally)
\depth=\dimen125 (locally)
\totalheight=\dimen126 (locally)
\width=\dimen127 (locally)
\height=\dimen124 (locally)
\depth=\dimen125 (locally)
\totalheight=\dimen126 (locally)
\width=\dimen127 (locally)
\height=\dimen124 (locally)
\depth=\dimen125 (locally)
\totalheight=\dimen126 (locally)
\width=\dimen127 (locally)
\height=\dimen124 (locally)
\depth=\dimen125 (locally)
\totalheight=\dimen126 (locally)
\width=\dimen127 (locally)
\height=\dimen124 (locally)
\depth=\dimen125 (locally)
\totalheight=\dimen126 (locally)
\width=\dimen127 (locally)
\height=\dimen124 (locally)
\depth=\dimen125 (locally)
\totalheight=\dimen126 (locally)
\width=\dimen127 (locally)
\height=\dimen124 (locally)
\depth=\dimen125 (locally)
\totalheight=\dimen126 (locally)
\width=\dimen127 (locally)
\height=\dimen124 (locally)
\depth=\dimen125 (locally)
\totalheight=\dimen126 (locally)
\width=\dimen127 (locally)
\height=\dimen124 (locally)
\depth=\dimen125 (locally)
\totalheight=\dimen126 (locally)
\width=\dimen127 (locally)
\height=\dimen124 (locally)
\depth=\dimen125 (locally)
\totalheight=\dimen126 (locally)
\width=\dimen127 (locally)
\height=\dimen124 (locally)
\depth=\dimen125 (locally)
\totalheight=\dimen126 (locally)
\width=\dimen127 (locally)
 [17]
\height=\dimen124 (locally)
\depth=\dimen125 (locally)
\totalheight=\dimen126 (locally)
\width=\dimen127 (locally)
\height=\dimen124 (locally)
\depth=\dimen125 (locally)
\totalheight=\dimen126 (locally)
\width=\dimen127 (locally)
\maxheight=\skip72
\height=\dimen124 (locally)
\depth=\dimen125 (locally)
\totalheight=\dimen126 (locally)
\width=\dimen127 (locally)
\height=\dimen124 (locally)
\depth=\dimen125 (locally)
\totalheight=\dimen126 (locally)
\width=\dimen127 (locally)
 [18]
\height=\dimen124 (locally)
\depth=\dimen125 (locally)
\totalheight=\dimen126 (locally)
\width=\dimen127 (locally)
\height=\dimen124 (locally)
\depth=\dimen125 (locally)
\totalheight=\dimen126 (locally)
\width=\dimen127 (locally)
\height=\dimen124 (locally)
\depth=\dimen125 (locally)
\totalheight=\dimen126 (locally)
\width=\dimen127 (locally)
\height=\dimen124 (locally)
\depth=\dimen125 (locally)
\totalheight=\dimen126 (locally)
\width=\dimen127 (locally)
\height=\dimen124 (locally)
\depth=\dimen125 (locally)
\totalheight=\dimen126 (locally)
\width=\dimen127 (locally)
\height=\dimen124 (locally)
\depth=\dimen125 (locally)
\totalheight=\dimen126 (locally)
\width=\dimen127 (locally)
\height=\dimen124 (locally)
\depth=\dimen125 (locally)
\totalheight=\dimen126 (locally)
\width=\dimen127 (locally)
\height=\dimen124 (locally)
\depth=\dimen125 (locally)
\totalheight=\dimen126 (locally)
\width=\dimen127 (locally)
\height=\dimen124 (locally)
\depth=\dimen125 (locally)
\totalheight=\dimen126 (locally)
\width=\dimen127 (locally)
\height=\dimen124 (locally)
\depth=\dimen125 (locally)
\totalheight=\dimen126 (locally)
\width=\dimen127 (locally)
\height=\dimen124 (locally)
\depth=\dimen125 (locally)
\totalheight=\dimen126 (locally)
\width=\dimen127 (locally)
\height=\dimen124 (locally)
\depth=\dimen125 (locally)
\totalheight=\dimen126 (locally)
\width=\dimen127 (locally)
\height=\dimen124 (locally)
\depth=\dimen125 (locally)
\totalheight=\dimen126 (locally)
\width=\dimen127 (locally)
\height=\dimen124 (locally)
\depth=\dimen125 (locally)
\totalheight=\dimen126 (locally)
\width=\dimen127 (locally)
\height=\dimen124 (locally)
\depth=\dimen125 (locally)
\totalheight=\dimen126 (locally)
\width=\dimen127 (locally)
\height=\dimen124 (locally)
\depth=\dimen125 (locally)
\totalheight=\dimen126 (locally)
\width=\dimen127 (locally)
\height=\dimen124 (locally)
\depth=\dimen125 (locally)
\totalheight=\dimen126 (locally)
\width=\dimen127 (locally)
\height=\dimen124 (locally)
\depth=\dimen125 (locally)
\totalheight=\dimen126 (locally)
\width=\dimen127 (locally)
\height=\dimen124 (locally)
\depth=\dimen125 (locally)
\totalheight=\dimen126 (locally)
\width=\dimen127 (locally)
\height=\dimen124 (locally)
\depth=\dimen125 (locally)
\totalheight=\dimen126 (locally)
\width=\dimen127 (locally)
\height=\dimen124 (locally)
\depth=\dimen125 (locally)
\totalheight=\dimen126 (locally)
\width=\dimen127 (locally)
\height=\dimen124 (locally)
\depth=\dimen125 (locally)
\totalheight=\dimen126 (locally)
\width=\dimen127 (locally)
\height=\dimen124 (locally)
\depth=\dimen125 (locally)
\totalheight=\dimen126 (locally)
\width=\dimen127 (locally)
\height=\dimen124 (locally)
\depth=\dimen125 (locally)
\totalheight=\dimen126 (locally)
\width=\dimen127 (locally)
\height=\dimen124 (locally)
\depth=\dimen125 (locally)
\totalheight=\dimen126 (locally)
\width=\dimen127 (locally)
\height=\dimen124 (locally)
\depth=\dimen125 (locally)
\totalheight=\dimen126 (locally)
\width=\dimen127 (locally)
\height=\dimen124 (locally)
\depth=\dimen125 (locally)
\totalheight=\dimen126 (locally)
\width=\dimen127 (locally)
\height=\dimen124 (locally)
\depth=\dimen125 (locally)
\totalheight=\dimen126 (locally)
\width=\dimen127 (locally)
\height=\dimen124 (locally)
\depth=\dimen125 (locally)
\totalheight=\dimen126 (locally)
\width=\dimen127 (locally)
\height=\dimen124 (locally)
\depth=\dimen125 (locally)
\totalheight=\dimen126 (locally)
\width=\dimen127 (locally)
\height=\dimen124 (locally)
\depth=\dimen125 (locally)
\totalheight=\dimen126 (locally)
\width=\dimen127 (locally)
 [19]
\height=\dimen124 (locally)
\depth=\dimen125 (locally)
\totalheight=\dimen126 (locally)
\width=\dimen127 (locally)
\height=\dimen124 (locally)
\depth=\dimen125 (locally)
\totalheight=\dimen126 (locally)
\width=\dimen127 (locally)
\height=\dimen124 (locally)
\depth=\dimen125 (locally)
\totalheight=\dimen126 (locally)
\width=\dimen127 (locally)
\height=\dimen124 (locally)
\depth=\dimen125 (locally)
\totalheight=\dimen126 (locally)
\width=\dimen127 (locally)
\height=\dimen124 (locally)
\depth=\dimen125 (locally)
\totalheight=\dimen126 (locally)
\width=\dimen127 (locally)
\height=\dimen124 (locally)
\depth=\dimen125 (locally)
\totalheight=\dimen126 (locally)
\width=\dimen127 (locally)

Overfull \hbox (4.09583pt too wide) in paragraph at lines 1537--1537
[]         \OT1/cmtt/m/n/9 \bitbox{1}{\tiny F/E} & \bitbox{1}{\tiny T0} & \bitb
ox{1}{\tiny T1}[] 
 []

[20]
\height=\dimen124 (locally)
\depth=\dimen125 (locally)
\totalheight=\dimen126 (locally)
\width=\dimen127 (locally)
\height=\dimen124 (locally)
\depth=\dimen125 (locally)
\totalheight=\dimen126 (locally)
\width=\dimen127 (locally)
\height=\dimen124 (locally)
\depth=\dimen125 (locally)
\totalheight=\dimen126 (locally)
\width=\dimen127 (locally)
\height=\dimen124 (locally)
\depth=\dimen125 (locally)
\totalheight=\dimen126 (locally)
\width=\dimen127 (locally)
\height=\dimen124 (locally)
\depth=\dimen125 (locally)
\totalheight=\dimen126 (locally)
\width=\dimen127 (locally)
\height=\dimen124 (locally)
\depth=\dimen125 (locally)
\totalheight=\dimen126 (locally)
\width=\dimen127 (locally)
\height=\dimen124 (locally)
\depth=\dimen125 (locally)
\totalheight=\dimen126 (locally)
\width=\dimen127 (locally)
\curly@height=\dimen124 (locally)
\half@curly@height=\dimen125 (locally)
\curly@shift=\dimen126 (locally)
\total@box@width=\dimen124 (locally)
\height=\dimen124 (locally)
\depth=\dimen125 (locally)
\totalheight=\dimen126 (locally)
\width=\dimen127 (locally)
\height=\dimen124 (locally)
\depth=\dimen125 (locally)
\totalheight=\dimen126 (locally)
\width=\dimen127 (locally)
\curly@height=\dimen124 (locally)
\half@curly@height=\dimen125 (locally)
\curly@shift=\dimen126 (locally)
\total@box@width=\dimen124 (locally)
\height=\dimen124 (locally)
\depth=\dimen125 (locally)
\totalheight=\dimen126 (locally)
\width=\dimen127 (locally)
\height=\dimen124 (locally)
\depth=\dimen125 (locally)
\totalheight=\dimen126 (locally)
\width=\dimen127 (locally)
\curly@height=\dimen124 (locally)
\half@curly@height=\dimen125 (locally)
\curly@shift=\dimen126 (locally)
\total@box@width=\dimen124 (locally)
\height=\dimen124 (locally)
\depth=\dimen125 (locally)
\totalheight=\dimen126 (locally)
\width=\dimen127 (locally)
\height=\dimen124 (locally)
\depth=\dimen125 (locally)
\totalheight=\dimen126 (locally)
\width=\dimen127 (locally)
\height=\dimen124 (locally)
\depth=\dimen125 (locally)
\totalheight=\dimen126 (locally)
\width=\dimen127 (locally)
\height=\dimen124 (locally)
\depth=\dimen125 (locally)
\totalheight=\dimen126 (locally)
\width=\dimen127 (locally)
\curly@height=\dimen124 (locally)
\half@curly@height=\dimen125 (locally)
\curly@shift=\dimen126 (locally)
\total@box@width=\dimen124 (locally)

Overfull \hbox (31.44058pt too wide) in paragraph at lines 1612--1648
|    []
 []

[21]
Overfull \hbox (13.54572pt too wide) in paragraph at lines 1683--1683
[]       \OT1/cmtt/m/n/9 % facilitates the creation of memory maps. Start addre
ss at the bottom,[] 
 []


Overfull \hbox (22.9956pt too wide) in paragraph at lines 1683--1683
[]       \OT1/cmtt/m/n/9 %   \memsection{end address}{start address}{height in 
lines}{text in box}[] 
 []


Overfull \hbox (4.09583pt too wide) in paragraph at lines 1683--1683
[]                       \OT1/cmtt/m/n/9 \memsection{003f ffff}{002f c000}{4}{S
pecial Function[] 
 []

[22]
Overfull \hbox (8.82077pt too wide) in paragraph at lines 1683--1683
[]                       \OT1/cmtt/m/n/9 \memsection{002f bfff}{0007 0000}{3}{-
- reserved --}\\[] 
 []

\height=\dimen124 (locally)
\depth=\dimen125 (locally)
\totalheight=\dimen126 (locally)
\width=\dimen127 (locally)
\height=\dimen124 (locally)
\depth=\dimen125 (locally)
\totalheight=\dimen126 (locally)
\width=\dimen127 (locally)
\height=\dimen124 (locally)
\depth=\dimen125 (locally)
\totalheight=\dimen126 (locally)
\width=\dimen127 (locally)
\height=\dimen124 (locally)
\depth=\dimen125 (locally)
\totalheight=\dimen126 (locally)
\width=\dimen127 (locally)
\height=\dimen124 (locally)
\depth=\dimen125 (locally)
\totalheight=\dimen126 (locally)
\width=\dimen127 (locally)
\height=\dimen124 (locally)
\depth=\dimen125 (locally)
\totalheight=\dimen126 (locally)
\width=\dimen127 (locally)
\height=\dimen124 (locally)
\depth=\dimen125 (locally)
\totalheight=\dimen126 (locally)
\width=\dimen127 (locally)
\height=\dimen124 (locally)
\depth=\dimen125 (locally)
\totalheight=\dimen126 (locally)
\width=\dimen127 (locally)
\curly@height=\dimen124 (locally)
\half@curly@height=\dimen125 (locally)
\curly@shift=\dimen126 (locally)
\total@box@width=\dimen124 (locally)

Overfull \hbox (22.9956pt too wide) in paragraph at lines 1752--1752
[]         \OT1/cmtt/m/n/9 \begin{rightwordgroup}{\parbox{6em}{\raggedright The
se words were taken[] 
 []

[23]
Overfull \hbox (32.4455pt too wide) in paragraph at lines 1752--1752
[]         \OT1/cmtt/m/n/9 \begin{leftwordgroup}{\parbox{6em}{\raggedright Note
 that we can display,[] 
 []


Overfull \hbox (32.4455pt too wide) in paragraph at lines 1752--1752
[]           \OT1/cmtt/m/n/9 \begin{rightwordgroup}{\parbox{6em}{\raggedright W
hy two Length fields?[] 
 []


LaTeX Warning: Reference `fig:complex-diagram' on page 24 undefined on input li
ne 1755.

\height=\dimen124 (locally)
\depth=\dimen125 (locally)
\totalheight=\dimen126 (locally)
\width=\dimen127 (locally)
\height=\dimen124 (locally)
\depth=\dimen125 (locally)
\totalheight=\dimen126 (locally)
\width=\dimen127 (locally)
\height=\dimen124 (locally)
\depth=\dimen125 (locally)
\totalheight=\dimen126 (locally)
\width=\dimen127 (locally)
\height=\dimen124 (locally)
\depth=\dimen125 (locally)
\totalheight=\dimen126 (locally)
\width=\dimen127 (locally)
\height=\dimen124 (locally)
\depth=\dimen125 (locally)
\totalheight=\dimen126 (locally)
\width=\dimen127 (locally)
\height=\dimen124 (locally)
\depth=\dimen125 (locally)
\totalheight=\dimen126 (locally)
\width=\dimen127 (locally)
\height=\dimen124 (locally)
\depth=\dimen125 (locally)
\totalheight=\dimen126 (locally)
\width=\dimen127 (locally)
\height=\dimen124 (locally)
\depth=\dimen125 (locally)
\totalheight=\dimen126 (locally)
\width=\dimen127 (locally)
\height=\dimen124 (locally)
\depth=\dimen125 (locally)
\totalheight=\dimen126 (locally)
\width=\dimen127 (locally)
\height=\dimen124 (locally)
\depth=\dimen125 (locally)
\totalheight=\dimen126 (locally)
\width=\dimen127 (locally)
\height=\dimen124 (locally)
\depth=\dimen125 (locally)
\totalheight=\dimen126 (locally)
\width=\dimen127 (locally)
\curly@height=\dimen124 (locally)
\half@curly@height=\dimen125 (locally)
\curly@shift=\dimen126 (locally)
\total@box@width=\dimen124 (locally)
\height=\dimen124 (locally)
\depth=\dimen125 (locally)
\totalheight=\dimen126 (locally)
\width=\dimen127 (locally)
\height=\dimen124 (locally)
\depth=\dimen125 (locally)
\totalheight=\dimen126 (locally)
\width=\dimen127 (locally)
\curly@height=\dimen124 (locally)
\half@curly@height=\dimen125 (locally)
\curly@shift=\dimen126 (locally)
\height=\dimen124 (locally)
\depth=\dimen125 (locally)
\totalheight=\dimen126 (locally)
\width=\dimen127 (locally)
\height=\dimen124 (locally)
\depth=\dimen125 (locally)
\totalheight=\dimen126 (locally)
\width=\dimen127 (locally)
\height=\dimen124 (locally)
\depth=\dimen125 (locally)
\totalheight=\dimen126 (locally)
\width=\dimen127 (locally)
\height=\dimen124 (locally)
\depth=\dimen125 (locally)
\totalheight=\dimen126 (locally)
\width=\dimen127 (locally)
\height=\dimen124 (locally)
\depth=\dimen125 (locally)
\totalheight=\dimen126 (locally)
\width=\dimen127 (locally)
\height=\dimen124 (locally)
\depth=\dimen125 (locally)
\totalheight=\dimen126 (locally)
\width=\dimen127 (locally)
\starting@point=\dimen124 (locally)
\curly@height=\dimen125 (locally)
\half@curly@height=\dimen126 (locally)
\curly@shift=\dimen127 (locally)
\height=\dimen124 (locally)
\depth=\dimen125 (locally)
\totalheight=\dimen126 (locally)
\width=\dimen127 (locally)
\height=\dimen124 (locally)
\depth=\dimen125 (locally)
\totalheight=\dimen126 (locally)
\width=\dimen127 (locally)
\height=\dimen124 (locally)
\depth=\dimen125 (locally)
\totalheight=\dimen126 (locally)
\width=\dimen127 (locally)
\height=\dimen124 (locally)
\depth=\dimen125 (locally)
\totalheight=\dimen126 (locally)
\width=\dimen127 (locally)
\curly@height=\dimen124 (locally)
\half@curly@height=\dimen125 (locally)
\curly@shift=\dimen126 (locally)
\total@box@width=\dimen124 (locally)
\height=\dimen124 (locally)
\depth=\dimen125 (locally)
\totalheight=\dimen126 (locally)
\width=\dimen127 (locally)
\height=\dimen124 (locally)
\depth=\dimen125 (locally)
\totalheight=\dimen126 (locally)
\width=\dimen127 (locally)
\height=\dimen124 (locally)
\depth=\dimen125 (locally)
\totalheight=\dimen126 (locally)
\width=\dimen127 (locally)
\height=\dimen124 (locally)
\depth=\dimen125 (locally)
\totalheight=\dimen126 (locally)
\width=\dimen127 (locally)
\height=\dimen124 (locally)
\depth=\dimen125 (locally)
\totalheight=\dimen126 (locally)
\width=\dimen127 (locally)
\height=\dimen124 (locally)
\depth=\dimen125 (locally)
\totalheight=\dimen126 (locally)
\width=\dimen127 (locally)
\height=\dimen124 (locally)
\depth=\dimen125 (locally)
\totalheight=\dimen126 (locally)
\width=\dimen127 (locally)
\height=\dimen124 (locally)
\depth=\dimen125 (locally)
\totalheight=\dimen126 (locally)
\width=\dimen127 (locally)
\height=\dimen124 (locally)
\depth=\dimen125 (locally)
\totalheight=\dimen126 (locally)
\width=\dimen127 (locally)
\height=\dimen124 (locally)
\depth=\dimen125 (locally)
\totalheight=\dimen126 (locally)
\width=\dimen127 (locally)
\height=\dimen124 (locally)
\depth=\dimen125 (locally)
\totalheight=\dimen126 (locally)
\width=\dimen127 (locally)
\height=\dimen124 (locally)
\depth=\dimen125 (locally)
\totalheight=\dimen126 (locally)
\width=\dimen127 (locally)
\height=\dimen124 (locally)
\depth=\dimen125 (locally)
\totalheight=\dimen126 (locally)
\width=\dimen127 (locally)
\height=\dimen124 (locally)
\depth=\dimen125 (locally)
\totalheight=\dimen126 (locally)
\width=\dimen127 (locally)
\height=\dimen124 (locally)
\depth=\dimen125 (locally)
\totalheight=\dimen126 (locally)
\width=\dimen127 (locally)
\height=\dimen124 (locally)
\depth=\dimen125 (locally)
\totalheight=\dimen126 (locally)
\width=\dimen127 (locally)
\height=\dimen124 (locally)
\depth=\dimen125 (locally)
\totalheight=\dimen126 (locally)
\width=\dimen127 (locally)
\height=\dimen124 (locally)
\depth=\dimen125 (locally)
\totalheight=\dimen126 (locally)
\width=\dimen127 (locally)
\height=\dimen124 (locally)
\depth=\dimen125 (locally)
\totalheight=\dimen126 (locally)
\width=\dimen127 (locally)
\height=\dimen124 (locally)
\depth=\dimen125 (locally)
\totalheight=\dimen126 (locally)
\width=\dimen127 (locally)
\height=\dimen124 (locally)
\depth=\dimen125 (locally)
\totalheight=\dimen126 (locally)
\width=\dimen127 (locally)
\height=\dimen124 (locally)
\depth=\dimen125 (locally)
\totalheight=\dimen126 (locally)
\width=\dimen127 (locally)
\height=\dimen124 (locally)
\depth=\dimen125 (locally)
\totalheight=\dimen126 (locally)
\width=\dimen127 (locally)

LaTeX Warning: Float too large for page by 12.8155pt on input line 1803.

[24] [25]

LaTeX Warning: Reference `sec:basic-cmds' on page 26 undefined on input line 18
70.


Underfull \hbox (badness 10000) in paragraph at lines 1865--1872
[]\OT1/cmr/m/n/10 Instead of us-ing []\OT1/cmtt/m/n/10 \setlength{\curlyspace}{
$\OMS/cmsy/m/n/10 h$[]\OT1/cmr/m/it/10 dist$\OMS/cmsy/m/n/10 i$[][]\OT1/cmtt/m/
n/10 } \OT1/cmr/m/n/10 and
 []


LaTeX Warning: Reference `sec:basic-cmds' on page 26 undefined on input line 18
81.


LaTeX Warning: Reference `sec:options' on page 26 undefined on input line 1894.


[26]
LaTeX Font Info:    External font `cmex10' loaded for size
(Font)              <14.4> on input line 1954.


LaTeX Warning: Reference `sec:usage' on page 27 undefined on input line 1955.

[27]
LaTeX Font Info:    External font `cmex10' loaded for size
(Font)              <20.74> on input line 2061.
 [28] [29]

LaTeX Warning: Marginpar on page 30 moved.


LaTeX Warning: Marginpar on page 30 moved.


LaTeX Warning: Marginpar on page 30 moved.


LaTeX Warning: Marginpar on page 30 moved.


LaTeX Warning: Marginpar on page 30 moved.

[30]

LaTeX Warning: Marginpar on page 31 moved.


Underfull \hbox (badness 1057) in paragraph at lines 2301--2304
[]\OT1/cmr/m/n/10 Define a macro that ex-pands to []\OT1/cmtt/m/n/10 \relax \OT
1/cmr/m/n/10 for use with []\OT1/cmtt/m/n/10 \ifx \OT1/cmr/m/n/10 tests against

 []

[31]
Underfull \hbox (badness 10000) in paragraph at lines 2381--2385
[]\OT1/cmr/m/n/10 Store the next two ar-gu-ment to-kens in []\OT1/cmtt/m/n/10 \
bf@bitboxes@arg@i \OT1/cmr/m/n/10 and
 []

[32] [33]
Overfull \hbox (10.0376pt too wide) in paragraph at lines 2499--2499
 [][]                    \OT1/cmtt/m/n/9 \PackageWarning{bytefield}{Unrecognize
d box side `#1'}% 
 []

[34] [35]
Overfull \hbox (33.66232pt too wide) in paragraph at lines 2647--2647
 [][]          \OT1/cmtt/m/n/9 \bf@bitwidth * (\bits@wide - \value{header@val} 
+ \bf@first@bit - 1)}% 
 []


Overfull \hbox (62.012pt too wide) in paragraph at lines 2647--2647
 [][]        \OT1/cmtt/m/n/9 \setlength{\header@xpos}{\bf@bitwidth * (\value{he
ader@val} - \bf@first@bit)}% 
 []


Overfull \hbox (24.21243pt too wide) in paragraph at lines 2703--2703
 [][]      \OT1/cmtt/m/n/9 The "l" argument to \protect\bitheader\space is depr
ecated.\MessageBreak 
 []

[36]
Overfull \hbox (24.21243pt too wide) in paragraph at lines 2703--2703
 [][]      \OT1/cmtt/m/n/9 The "b" argument to \protect\bitheader\space is depr
ecated.\MessageBreak 
 []

LaTeX Font Info:    Try loading font information for OMS+cmr on input line 2771
.
(/usr/share/texlive/texmf-dist/tex/latex/base/omscmr.fd
File: omscmr.fd 1999/05/25 v2.5h Standard LaTeX font definitions
)
LaTeX Font Info:    Font shape `OMS/cmr/m/n' in size <10> not available
(Font)              Font shape `OMS/cmsy/m/n' tried instead on input line 2771.

 [37] [38]
Underfull \hbox (badness 10000) in paragraph at lines 2860--2864
[]\OT1/cmr/m/n/10 Label the words de-fined be-tween []\OT1/cmtt/m/n/10 \begin{r
ightwordgroup} \OT1/cmr/m/n/10 and
 []


Underfull \hbox (badness 10000) in paragraph at lines 2875--2878
[][]\OT1/cmtt/m/n/10 \begin{rightwordgroup} \OT1/cmr/m/n/10 merely stores the s
tart-ing height in
 []


Underfull \hbox (badness 10000) in paragraph at lines 2875--2878
[]\OT1/cmtt/m/n/10 \wordlabelr@start \OT1/cmr/m/n/10 and the user-supplied text
 in []\OT1/cmtt/m/n/10 \wordlabelr@text\OT1/cmr/m/n/10 .
 []

[39] [40]
Underfull \hbox (badness 1931) in paragraph at lines 3010--3012
[]\OT1/cmr/m/n/10 We store the start-ing height and la-bel text, which are need
ed by the
 []


Underfull \hbox (badness 2875) in paragraph at lines 3053--3056
\OT1/cmr/m/n/10 Because we al-ready ended the group that []\OT1/cmtt/m/n/10 \be
gin{leftwordgroup} \OT1/cmr/m/n/10 cre-
 []

[41] [42]
Overfull \hbox (24.21243pt too wide) in paragraph at lines 3212--3212
 [][]      \OT1/cmtt/m/n/9 The \protect\bytefieldsetup\space macro is not avail
able in\MessageBreak 
 []


Overfull \hbox (0.5877pt too wide) in paragraph at lines 3212--3212
 [][]      \OT1/cmtt/m/n/9 available to this document.\space\space (The documen
t may also need 
 []

[43]
Overfull \hbox (14.76254pt too wide) in paragraph at lines 3245--3245
 [][]    \OT1/cmtt/m/n/9 Macros \protect\wordgroupr, \protect\wordgroupl, \prot
ect\endwordgroupr, 
 []


Overfull \hbox (10.0376pt too wide) in paragraph at lines 3245--3245
 [][]    \OT1/cmtt/m/n/9 Starting with version 2.0, bytefield uses \protect\beg
in{wordgroupr}... 
 []


Overfull \hbox (10.0376pt too wide) in paragraph at lines 3245--3245
 [][]    \OT1/cmtt/m/n/9 to specify word groups and a new \protect\bytefieldset
up\space macro to 
 []

[44]
Overfull \hbox (5.31265pt too wide) in paragraph at lines 3369--3369
 [][]\OT1/cmtt/m/n/9 \define@key{bytefield}{leftcurlyshrinkage}{\def\bf@leftcur
lyshrinkage{#1}} 
 []


Overfull \hbox (14.76254pt too wide) in paragraph at lines 3369--3369
 [][]\OT1/cmtt/m/n/9 \define@key{bytefield}{rightcurlyshrinkage}{\def\bf@rightc
urlyshrinkage{#1}} 
 []

[45]
Overfull \hbox (0.5877pt too wide) in paragraph at lines 3458--3458
 [][]    \OT1/cmtt/m/n/9 \noexpand\g@addto@macro\noexpand\bf@package@options{,\
CurrentOption}% 
 []

[46]
\curly@height=\dimen124 (locally)
\half@curly@height=\dimen125 (locally)
\curly@shift=\dimen126 (locally)
\height=\dimen124 (locally)
\depth=\dimen125 (locally)
\totalheight=\dimen126 (locally)
\width=\dimen127 (locally)
\starting@point=\dimen124 (locally)
\curly@height=\dimen125 (locally)
\half@curly@height=\dimen126 (locally)
\curly@shift=\dimen127 (locally)
\curly@height=\dimen124 (locally)
\half@curly@height=\dimen125 (locally)
\curly@shift=\dimen126 (locally)
\height=\dimen124 (locally)
\depth=\dimen125 (locally)
\totalheight=\dimen126 (locally)
\width=\dimen127 (locally)
\starting@point=\dimen124 (locally)
\curly@height=\dimen125 (locally)
\half@curly@height=\dimen126 (locally)
\curly@shift=\dimen127 (locally)

*******************
* Checksum passed *
*******************
)
No file bytefield.gls.
No file bytefield.ind.
Package atveryend Info: Empty hook `BeforeClearDocument' on input line 58.
[47]
Package atveryend Info: Executing hook `AfterLastShipout' on input line 58.
 (./bytefield.aux)
Package atveryend Info: Empty hook `AtVeryEndDocument' on input line 58.
Package atveryend Info: Executing hook `AtEndAfterFileList' on input line 58.


Package rerunfilecheck Warning: File `bytefield.out' has changed.
(rerunfilecheck)                Rerun to get outlines right
(rerunfilecheck)                or use package `bookmark'.

Package rerunfilecheck Info: Checksums for `bytefield.out':
(rerunfilecheck)             Before: <no file>
(rerunfilecheck)             After:  316E6B936A15D712025BCFBA068FB408;1830.

Package rerunfilecheck Warning: File `bytefield.hd' has changed. Rerun.

Package rerunfilecheck Info: Checksums for `bytefield.hd':
(rerunfilecheck)             Before: <no file>
(rerunfilecheck)             After:  D41D8CD98F00B204E9800998ECF8427E;0.

LaTeX Warning: There were undefined references.


LaTeX Warning: Label(s) may have changed. Rerun to get cross-references right.

Package atveryend Info: Empty hook `AtVeryVeryEnd' on input line 58.
 ) 
Here is how much of TeX's memory you used:
 7133 strings out of 495029
 97703 string characters out of 6181523
 214624 words of memory out of 5000000
 10263 multiletter control sequences out of 15000+600000
 16981 words of font info for 64 fonts, out of 8000000 for 9000
 14 hyphenation exceptions out of 8191
 35i,17n,33p,233b,896s stack positions out of 5000i,500n,10000p,200000b,80000s

Output written on bytefield.dvi (47 pages, 200188 bytes).
