VirtualBox VM 4.3.26 r98988 linux.x86 (Mar 16 2015 18:01:14) release log
00:00:01.416998 Log opened 2015-04-14T18:44:39.576854000Z
00:00:01.417002 Build Type: release
00:00:01.417008 OS Product: Linux
00:00:01.417010 OS Release: 3.13.0-49-generic
00:00:01.417013 OS Version: #81-Ubuntu SMP Tue Mar 24 19:29:15 UTC 2015
00:00:01.417047 DMI Product Name: Aspire 5560
00:00:01.417059 DMI Product Version: 0.1
00:00:01.417227 Host RAM: 3501MB total, 1992MB available
00:00:01.417235 Executable: /usr/lib/virtualbox/VirtualBox
00:00:01.417237 Process ID: 28787
00:00:01.417239 Package type: LINUX_32BITS_UBUNTU_13_04
00:00:02.320975 Installed Extension Packs:
00:00:02.321039   None installed!
00:00:02.355797 SUP: Loaded VMMR0.r0 (/usr/lib/virtualbox/VMMR0.r0) at 0xf955c020 - ModuleInit at 00000000f957a0c0 and ModuleTerm at 00000000f957a420
00:00:02.355864 SUP: VMMR0EntryEx located at 00000000f957b970, VMMR0EntryFast at 00000000f957b5a0 and VMMR0EntryInt at 00000000f957b590
00:00:02.360677 UIMediumEnumerator: Medium-enumeration finished!
00:00:02.361608 Using XKB for keycode to scan code conversion
00:00:02.367761 Guest OS type: 'Debian'
00:00:02.504852 File system of '/home/tim/VirtualBox VMs/debain/Snapshots' (snapshots) is ext4
00:00:02.504902 File system of '/home/tim/Downloads/College/CAndUnix/debian/debian_6.0.6.vdi' is ext4
00:00:02.617860 Shared clipboard mode: Off
00:00:02.623469 Drag'n'drop mode: Off
00:00:02.653398 ************************* CFGM dump *************************
00:00:02.653407 [/] (level 0)
00:00:02.653415   CSAMEnabled     <integer> = 0x0000000000000001 (1)
00:00:02.653437   CpuExecutionCap <integer> = 0x0000000000000064 (100)
00:00:02.653443   EnablePAE       <integer> = 0x0000000000000000 (0)
00:00:02.653447   HMEnabled       <integer> = 0x0000000000000001 (1)
00:00:02.653452   MemBalloonSize  <integer> = 0x0000000000000000 (0)
00:00:02.653456   Name            <string>  = "debain" (cb=7)
00:00:02.653461   NumCPUs         <integer> = 0x0000000000000001 (1)
00:00:02.653466   PATMEnabled     <integer> = 0x0000000000000001 (1)
00:00:02.653470   PageFusion      <integer> = 0x0000000000000000 (0)
00:00:02.653474   RamHoleSize     <integer> = 0x0000000020000000 (536 870 912, 512 MB)
00:00:02.653482   RamSize         <integer> = 0x0000000020000000 (536 870 912, 512 MB)
00:00:02.653490   RawR0Enabled    <integer> = 0x0000000000000001 (1)
00:00:02.653495   RawR3Enabled    <integer> = 0x0000000000000001 (1)
00:00:02.653499   TimerMillies    <integer> = 0x000000000000000a (10)
00:00:02.653503   UUID            <bytes>   = "72 26 6b db 2b a3 61 43 89 2c 8f 76 c8 0c 5c a2" (cb=16)
00:00:02.653516 
00:00:02.653518 [/CPUM/] (level 1)
00:00:02.653523   SyntheticCpu <integer> = 0x0000000000000000 (0)
00:00:02.653527 
00:00:02.653529 [/DBGF/] (level 1)
00:00:02.653534   Path <string>  = "/home/tim/VirtualBox VMs/debain/debug/;/home/tim/VirtualBox VMs/debain/;/home/tim/" (cb=83)
00:00:02.653538 
00:00:02.653540 [/Devices/] (level 1)
00:00:02.653544 
00:00:02.653546 [/Devices/8237A/] (level 2)
00:00:02.653551 
00:00:02.653553 [/Devices/8237A/0/] (level 3)
00:00:02.653558   Trusted <integer> = 0x0000000000000001 (1)
00:00:02.653562 
00:00:02.653564 [/Devices/AudioSniffer/] (level 2)
00:00:02.653569 
00:00:02.653571 [/Devices/AudioSniffer/0/] (level 3)
00:00:02.653576 
00:00:02.653578 [/Devices/AudioSniffer/0/Config/] (level 4)
00:00:02.653584 
00:00:02.653586 [/Devices/AudioSniffer/0/LUN#0/] (level 4)
00:00:02.653591   Driver <string>  = "MainAudioSniffer" (cb=17)
00:00:02.653595 
00:00:02.653597 [/Devices/AudioSniffer/0/LUN#0/Config/] (level 5)
00:00:02.653603   Object <integer> = 0x00000000af3066e0 (2 939 184 864)
00:00:02.653609 
00:00:02.653611 [/Devices/VMMDev/] (level 2)
00:00:02.653616 
00:00:02.653618 [/Devices/VMMDev/0/] (level 3)
00:00:02.653623   PCIBusNo      <integer> = 0x0000000000000000 (0)
00:00:02.653628   PCIDeviceNo   <integer> = 0x0000000000000004 (4)
00:00:02.653631   PCIFunctionNo <integer> = 0x0000000000000000 (0)
00:00:02.653635   Trusted       <integer> = 0x0000000000000001 (1)
00:00:02.653639 
00:00:02.653641 [/Devices/VMMDev/0/Config/] (level 4)
00:00:02.653647   GuestCoreDumpDir <string>  = "/home/tim/VirtualBox VMs/debain/Snapshots" (cb=42)
00:00:02.653650   RamSize          <integer> = 0x0000000020000000 (536 870 912, 512 MB)
00:00:02.653658 
00:00:02.653660 [/Devices/VMMDev/0/LUN#0/] (level 4)
00:00:02.653666   Driver <string>  = "HGCM" (cb=5)
00:00:02.653670 
00:00:02.653672 [/Devices/VMMDev/0/LUN#0/Config/] (level 5)
00:00:02.653678   Object <integer> = 0x00000000afe00c98 (2 950 696 088)
00:00:02.653684 
00:00:02.653686 [/Devices/VMMDev/0/LUN#999/] (level 4)
00:00:02.653691   Driver <string>  = "MainStatus" (cb=11)
00:00:02.653695 
00:00:02.653697 [/Devices/VMMDev/0/LUN#999/Config/] (level 5)
00:00:02.653703   First   <integer> = 0x0000000000000000 (0)
00:00:02.653707   Last    <integer> = 0x0000000000000000 (0)
00:00:02.653711   papLeds <integer> = 0x00000000af300ca8 (2 939 161 768)
00:00:02.653717 
00:00:02.653719 [/Devices/acpi/] (level 2)
00:00:02.653724 
00:00:02.653726 [/Devices/acpi/0/] (level 3)
00:00:02.653731   PCIBusNo      <integer> = 0x0000000000000000 (0)
00:00:02.653735   PCIDeviceNo   <integer> = 0x0000000000000007 (7)
00:00:02.653739   PCIFunctionNo <integer> = 0x0000000000000000 (0)
00:00:02.653742   Trusted       <integer> = 0x0000000000000001 (1)
00:00:02.653746 
00:00:02.653749 [/Devices/acpi/0/Config/] (level 4)
00:00:02.653755   CpuHotPlug        <integer> = 0x0000000000000000 (0)
00:00:02.653759   FdcEnabled        <integer> = 0x0000000000000000 (0)
00:00:02.653763   HostBusPciAddress <integer> = 0x0000000000000000 (0)
00:00:02.653767   HpetEnabled       <integer> = 0x0000000000000000 (0)
00:00:02.653771   IOAPIC            <integer> = 0x0000000000000000 (0)
00:00:02.653775   IocPciAddress     <integer> = 0x0000000000010000 (65 536)
00:00:02.653780   NumCPUs           <integer> = 0x0000000000000001 (1)
00:00:02.653785   RamHoleSize       <integer> = 0x0000000020000000 (536 870 912, 512 MB)
00:00:02.653792   RamSize           <integer> = 0x0000000020000000 (536 870 912, 512 MB)
00:00:02.653800   Serial0IoPortBase <integer> = 0x0000000000000000 (0)
00:00:02.653804   Serial0Irq        <integer> = 0x0000000000000000 (0)
00:00:02.653808   Serial1IoPortBase <integer> = 0x0000000000000000 (0)
00:00:02.653811   Serial1Irq        <integer> = 0x0000000000000000 (0)
00:00:02.653815   ShowCpu           <integer> = 0x0000000000000000 (0)
00:00:02.653820   ShowRtc           <integer> = 0x0000000000000000 (0)
00:00:02.653824   SmcEnabled        <integer> = 0x0000000000000000 (0)
00:00:02.653828 
00:00:02.653831 [/Devices/acpi/0/LUN#0/] (level 4)
00:00:02.653836   Driver <string>  = "ACPIHost" (cb=9)
00:00:02.653839 
00:00:02.653841 [/Devices/acpi/0/LUN#0/Config/] (level 5)
00:00:02.653847 
00:00:02.653850 [/Devices/ahci/] (level 2)
00:00:02.653854 
00:00:02.653856 [/Devices/ahci/0/] (level 3)
00:00:02.653861   PCIBusNo      <integer> = 0x0000000000000000 (0)
00:00:02.653865   PCIDeviceNo   <integer> = 0x000000000000000d (13)
00:00:02.653870   PCIFunctionNo <integer> = 0x0000000000000000 (0)
00:00:02.653873   Trusted       <integer> = 0x0000000000000001 (1)
00:00:02.653877 
00:00:02.653879 [/Devices/ahci/0/Config/] (level 4)
00:00:02.653885   Bootable  <integer> = 0x0000000000000001 (1)
00:00:02.653889   PortCount <integer> = 0x0000000000000001 (1)
00:00:02.653892 
00:00:02.653894 [/Devices/ahci/0/Config/Port0/] (level 5)
00:00:02.653900   Hotpluggable        <integer> = 0x0000000000000000 (0)
00:00:02.653905   NonRotationalMedium <integer> = 0x0000000000000000 (0)
00:00:02.653908 
00:00:02.653910 [/Devices/ahci/0/LUN#0/] (level 4)
00:00:02.653916   Driver <string>  = "Block" (cb=6)
00:00:02.653919 
00:00:02.653921 [/Devices/ahci/0/LUN#0/AttachedDriver/] (level 5)
00:00:02.653927   Driver <string>  = "VD" (cb=3)
00:00:02.653930 
00:00:02.653932 [/Devices/ahci/0/LUN#0/AttachedDriver/Config/] (level 6)
00:00:02.653939   BlockCache <integer> = 0x0000000000000001 (1)
00:00:02.653943   Format     <string>  = "VDI" (cb=4)
00:00:02.653946   Path       <string>  = "/home/tim/Downloads/College/CAndUnix/debian/debian_6.0.6.vdi" (cb=61)
00:00:02.653951   Type       <string>  = "HardDisk" (cb=9)
00:00:02.653955   UseNewIo   <integer> = 0x0000000000000001 (1)
00:00:02.653959 
00:00:02.653961 [/Devices/ahci/0/LUN#0/Config/] (level 5)
00:00:02.653967   Mountable <integer> = 0x0000000000000000 (0)
00:00:02.653971   Type      <string>  = "HardDisk" (cb=9)
00:00:02.653974 
00:00:02.653977 [/Devices/ahci/0/LUN#999/] (level 4)
00:00:02.653982   Driver <string>  = "MainStatus" (cb=11)
00:00:02.653985 
00:00:02.653987 [/Devices/ahci/0/LUN#999/Config/] (level 5)
00:00:02.653993   DeviceInstance        <string>  = "ahci/0" (cb=7)
00:00:02.653997   First                 <integer> = 0x0000000000000000 (0)
00:00:02.654002   Last                  <integer> = 0x0000000000000000 (0)
00:00:02.654007   pConsole              <integer> = 0x00000000af300930 (2 939 160 880)
00:00:02.654015   papLeds               <integer> = 0x00000000af300b40 (2 939 161 408)
00:00:02.654022   pmapMediumAttachments <integer> = 0x00000000af300cb4 (2 939 161 780)
00:00:02.654028 
00:00:02.654030 [/Devices/apic/] (level 2)
00:00:02.654035 
00:00:02.654037 [/Devices/apic/0/] (level 3)
00:00:02.654041   Trusted <integer> = 0x0000000000000001 (1)
00:00:02.654045 
00:00:02.654047 [/Devices/apic/0/Config/] (level 4)
00:00:02.654053   IOAPIC  <integer> = 0x0000000000000000 (0)
00:00:02.654057   NumCPUs <integer> = 0x0000000000000001 (1)
00:00:02.654060 
00:00:02.654063 [/Devices/e1000/] (level 2)
00:00:02.654067 
00:00:02.654069 [/Devices/e1000/0/] (level 3)
00:00:02.654074   PCIBusNo      <integer> = 0x0000000000000000 (0)
00:00:02.654078   PCIDeviceNo   <integer> = 0x0000000000000003 (3)
00:00:02.654082   PCIFunctionNo <integer> = 0x0000000000000000 (0)
00:00:02.654086   Trusted       <integer> = 0x0000000000000001 (1)
00:00:02.654090 
00:00:02.654092 [/Devices/e1000/0/Config/] (level 4)
00:00:02.654097   AdapterType    <integer> = 0x0000000000000000 (0)
00:00:02.654101   CableConnected <integer> = 0x0000000000000001 (1)
00:00:02.654105   LineSpeed      <integer> = 0x0000000000000000 (0)
00:00:02.654109   MAC            <bytes>   = "08 00 27 8e 7a 16" (cb=6)
00:00:02.654116 
00:00:02.654118 [/Devices/e1000/0/LUN#0/] (level 4)
00:00:02.654123   Driver <string>  = "NAT" (cb=4)
00:00:02.654127 
00:00:02.654129 [/Devices/e1000/0/LUN#0/Config/] (level 5)
00:00:02.654135   AliasMode       <integer> = 0x0000000000000000 (0)
00:00:02.654139   BootFile        <string>  = "debain.pxe" (cb=11)
00:00:02.654143   DNSProxy        <integer> = 0x0000000000000000 (0)
00:00:02.654147   Network         <string>  = "10.0.2.0/24" (cb=12)
00:00:02.654151   PassDomain      <integer> = 0x0000000000000001 (1)
00:00:02.654155   TFTPPrefix      <string>  = "/home/tim/.config/VirtualBox/TFTP" (cb=34)
00:00:02.654159   UseHostResolver <integer> = 0x0000000000000000 (0)
00:00:02.654163 
00:00:02.654165 [/Devices/e1000/0/LUN#999/] (level 4)
00:00:02.654171   Driver <string>  = "MainStatus" (cb=11)
00:00:02.654174 
00:00:02.654176 [/Devices/e1000/0/LUN#999/Config/] (level 5)
00:00:02.654182   First   <integer> = 0x0000000000000000 (0)
00:00:02.654185   Last    <integer> = 0x0000000000000000 (0)
00:00:02.654189   papLeds <integer> = 0x00000000af300c18 (2 939 161 624)
00:00:02.654195 
00:00:02.654197 [/Devices/i8254/] (level 2)
00:00:02.654202 
00:00:02.654204 [/Devices/i8254/0/] (level 3)
00:00:02.654209 
00:00:02.654211 [/Devices/i8254/0/Config/] (level 4)
00:00:02.654216 
00:00:02.654219 [/Devices/i8259/] (level 2)
00:00:02.654223 
00:00:02.654225 [/Devices/i8259/0/] (level 3)
00:00:02.654230   Trusted <integer> = 0x0000000000000001 (1)
00:00:02.654233 
00:00:02.654236 [/Devices/i8259/0/Config/] (level 4)
00:00:02.654241 
00:00:02.654243 [/Devices/ichac97/] (level 2)
00:00:02.654247 
00:00:02.654249 [/Devices/ichac97/0/] (level 3)
00:00:02.654254   PCIBusNo      <integer> = 0x0000000000000000 (0)
00:00:02.654258   PCIDeviceNo   <integer> = 0x0000000000000005 (5)
00:00:02.654262   PCIFunctionNo <integer> = 0x0000000000000000 (0)
00:00:02.654266   Trusted       <integer> = 0x0000000000000001 (1)
00:00:02.654270 
00:00:02.654272 [/Devices/ichac97/0/Config/] (level 4)
00:00:02.654277 
00:00:02.654279 [/Devices/ichac97/0/LUN#0/] (level 4)
00:00:02.654285   Driver <string>  = "AUDIO" (cb=6)
00:00:02.654288 
00:00:02.654290 [/Devices/ichac97/0/LUN#0/Config/] (level 5)
00:00:02.654296   AudioDriver <string>  = "pulse" (cb=6)
00:00:02.654299   StreamName  <string>  = "debain" (cb=7)
00:00:02.654303 
00:00:02.654305 [/Devices/mc146818/] (level 2)
00:00:02.654310 
00:00:02.654312 [/Devices/mc146818/0/] (level 3)
00:00:02.654317 
00:00:02.654319 [/Devices/mc146818/0/Config/] (level 4)
00:00:02.654324   UseUTC <integer> = 0x0000000000000001 (1)
00:00:02.654328 
00:00:02.654330 [/Devices/parallel/] (level 2)
00:00:02.654334 
00:00:02.654336 [/Devices/pcarch/] (level 2)
00:00:02.654341 
00:00:02.654343 [/Devices/pcarch/0/] (level 3)
00:00:02.654348   Trusted <integer> = 0x0000000000000001 (1)
00:00:02.654352 
00:00:02.654354 [/Devices/pcarch/0/Config/] (level 4)
00:00:02.654359 
00:00:02.654361 [/Devices/pcbios/] (level 2)
00:00:02.654365 
00:00:02.654367 [/Devices/pcbios/0/] (level 3)
00:00:02.654372   Trusted <integer> = 0x0000000000000001 (1)
00:00:02.654376 
00:00:02.654378 [/Devices/pcbios/0/Config/] (level 4)
00:00:02.654384   BootDevice0        <string>  = "FLOPPY" (cb=7)
00:00:02.654388   BootDevice1        <string>  = "DVD" (cb=4)
00:00:02.654392   BootDevice2        <string>  = "IDE" (cb=4)
00:00:02.654396   BootDevice3        <string>  = "NONE" (cb=5)
00:00:02.654399   FloppyDevice       <string>  = "i82078" (cb=7)
00:00:02.654403   HardDiskDevice     <string>  = "piix3ide" (cb=9)
00:00:02.654407   IOAPIC             <integer> = 0x0000000000000000 (0)
00:00:02.654411   McfgBase           <integer> = 0x0000000000000000 (0)
00:00:02.654416   McfgLength         <integer> = 0x0000000000000000 (0)
00:00:02.654420   NumCPUs            <integer> = 0x0000000000000001 (1)
00:00:02.654425   PXEDebug           <integer> = 0x0000000000000000 (0)
00:00:02.654429   RamHoleSize        <integer> = 0x0000000020000000 (536 870 912, 512 MB)
00:00:02.654437   RamSize            <integer> = 0x0000000020000000 (536 870 912, 512 MB)
00:00:02.654444   SataHardDiskDevice <string>  = "ahci" (cb=5)
00:00:02.654448   SataLUN1           <integer> = 0x0000000000000000 (0)
00:00:02.654452   UUID               <bytes>   = "72 26 6b db 2b a3 61 43 89 2c 8f 76 c8 0c 5c a2" (cb=16)
00:00:02.654463 
00:00:02.654465 [/Devices/pcbios/0/Config/NetBoot/] (level 5)
00:00:02.654471 
00:00:02.654473 [/Devices/pcbios/0/Config/NetBoot/0/] (level 6)
00:00:02.654479   NIC           <integer> = 0x0000000000000000 (0)
00:00:02.654484   PCIBusNo      <integer> = 0x0000000000000000 (0)
00:00:02.654488   PCIDeviceNo   <integer> = 0x0000000000000003 (3)
00:00:02.654492   PCIFunctionNo <integer> = 0x0000000000000000 (0)
00:00:02.654496 
00:00:02.654498 [/Devices/pci/] (level 2)
00:00:02.654502 
00:00:02.654505 [/Devices/pci/0/] (level 3)
00:00:02.654509   Trusted <integer> = 0x0000000000000001 (1)
00:00:02.654513 
00:00:02.654515 [/Devices/pci/0/Config/] (level 4)
00:00:02.654521   IOAPIC <integer> = 0x0000000000000000 (0)
00:00:02.654524 
00:00:02.654527 [/Devices/pckbd/] (level 2)
00:00:02.654531 
00:00:02.654533 [/Devices/pckbd/0/] (level 3)
00:00:02.654538   Trusted <integer> = 0x0000000000000001 (1)
00:00:02.654542 
00:00:02.654544 [/Devices/pckbd/0/Config/] (level 4)
00:00:02.654549 
00:00:02.654551 [/Devices/pckbd/0/LUN#0/] (level 4)
00:00:02.654556   Driver <string>  = "KeyboardQueue" (cb=14)
00:00:02.654560 
00:00:02.654562 [/Devices/pckbd/0/LUN#0/AttachedDriver/] (level 5)
00:00:02.654568   Driver <string>  = "MainKeyboard" (cb=13)
00:00:02.654571 
00:00:02.654573 [/Devices/pckbd/0/LUN#0/AttachedDriver/Config/] (level 6)
00:00:02.654579   Object <integer> = 0x00000000af301f70 (2 939 166 576)
00:00:02.654585 
00:00:02.654588 [/Devices/pckbd/0/LUN#0/Config/] (level 5)
00:00:02.654593   QueueSize <integer> = 0x0000000000000040 (64)
00:00:02.654598 
00:00:02.654600 [/Devices/pckbd/0/LUN#1/] (level 4)
00:00:02.654605   Driver <string>  = "MouseQueue" (cb=11)
00:00:02.654608 
00:00:02.654610 [/Devices/pckbd/0/LUN#1/AttachedDriver/] (level 5)
00:00:02.654616   Driver <string>  = "MainMouse" (cb=10)
00:00:02.654619 
00:00:02.654621 [/Devices/pckbd/0/LUN#1/AttachedDriver/Config/] (level 6)
00:00:02.654628   Object <integer> = 0x00000000af302328 (2 939 167 528)
00:00:02.654634 
00:00:02.654636 [/Devices/pckbd/0/LUN#1/Config/] (level 5)
00:00:02.654642   QueueSize <integer> = 0x0000000000000080 (128)
00:00:02.654646 
00:00:02.654648 [/Devices/pcnet/] (level 2)
00:00:02.654653 
00:00:02.654655 [/Devices/piix3ide/] (level 2)
00:00:02.654659 
00:00:02.654661 [/Devices/piix3ide/0/] (level 3)
00:00:02.654666   PCIBusNo      <integer> = 0x0000000000000000 (0)
00:00:02.654671   PCIDeviceNo   <integer> = 0x0000000000000001 (1)
00:00:02.654675   PCIFunctionNo <integer> = 0x0000000000000001 (1)
00:00:02.654678   Trusted       <integer> = 0x0000000000000001 (1)
00:00:02.654682 
00:00:02.654685 [/Devices/piix3ide/0/Config/] (level 4)
00:00:02.654690   Type <string>  = "PIIX4" (cb=6)
00:00:02.654693 
00:00:02.654695 [/Devices/piix3ide/0/Config/SecondaryMaster/] (level 5)
00:00:02.654701   NonRotationalMedium <integer> = 0x0000000000000000 (0)
00:00:02.654705 
00:00:02.654707 [/Devices/piix3ide/0/LUN#2/] (level 4)
00:00:02.654712   Driver <string>  = "Block" (cb=6)
00:00:02.654716 
00:00:02.654718 [/Devices/piix3ide/0/LUN#2/Config/] (level 5)
00:00:02.654723   Mountable <integer> = 0x0000000000000001 (1)
00:00:02.654727   Type      <string>  = "DVD" (cb=4)
00:00:02.654731 
00:00:02.654733 [/Devices/piix3ide/0/LUN#999/] (level 4)
00:00:02.654739   Driver <string>  = "MainStatus" (cb=11)
00:00:02.654742 
00:00:02.654744 [/Devices/piix3ide/0/LUN#999/Config/] (level 5)
00:00:02.654750   DeviceInstance        <string>  = "piix3ide/0" (cb=11)
00:00:02.654754   First                 <integer> = 0x0000000000000000 (0)
00:00:02.654759   Last                  <integer> = 0x0000000000000003 (3)
00:00:02.654764   pConsole              <integer> = 0x00000000af300930 (2 939 160 880)
00:00:02.654771   papLeds               <integer> = 0x00000000af300b30 (2 939 161 392)
00:00:02.654778   pmapMediumAttachments <integer> = 0x00000000af300cb4 (2 939 161 780)
00:00:02.654784 
00:00:02.654787 [/Devices/serial/] (level 2)
00:00:02.654791 
00:00:02.654793 [/Devices/usb-ohci/] (level 2)
00:00:02.654798 
00:00:02.654800 [/Devices/usb-ohci/0/] (level 3)
00:00:02.654805   PCIBusNo      <integer> = 0x0000000000000000 (0)
00:00:02.654809   PCIDeviceNo   <integer> = 0x0000000000000006 (6)
00:00:02.654813   PCIFunctionNo <integer> = 0x0000000000000000 (0)
00:00:02.654817   Trusted       <integer> = 0x0000000000000001 (1)
00:00:02.654821 
00:00:02.654823 [/Devices/usb-ohci/0/Config/] (level 4)
00:00:02.654828 
00:00:02.654830 [/Devices/usb-ohci/0/LUN#0/] (level 4)
00:00:02.654836   Driver <string>  = "VUSBRootHub" (cb=12)
00:00:02.654839 
00:00:02.654841 [/Devices/usb-ohci/0/LUN#0/Config/] (level 5)
00:00:02.654847 
00:00:02.654849 [/Devices/usb-ohci/0/LUN#999/] (level 4)
00:00:02.654854   Driver <string>  = "MainStatus" (cb=11)
00:00:02.654857 
00:00:02.654859 [/Devices/usb-ohci/0/LUN#999/Config/] (level 5)
00:00:02.654865   First   <integer> = 0x0000000000000000 (0)
00:00:02.654869   Last    <integer> = 0x0000000000000000 (0)
00:00:02.654872   papLeds <integer> = 0x00000000af300cac (2 939 161 772)
00:00:02.654879 
00:00:02.654881 [/Devices/vga/] (level 2)
00:00:02.654885 
00:00:02.654887 [/Devices/vga/0/] (level 3)
00:00:02.654892   PCIBusNo      <integer> = 0x0000000000000000 (0)
00:00:02.654896   PCIDeviceNo   <integer> = 0x0000000000000002 (2)
00:00:02.654900   PCIFunctionNo <integer> = 0x0000000000000000 (0)
00:00:02.654903   Trusted       <integer> = 0x0000000000000001 (1)
00:00:02.654907 
00:00:02.654909 [/Devices/vga/0/Config/] (level 4)
00:00:02.654915   CustomVideoModes <integer> = 0x0000000000000000 (0)
00:00:02.654919   FadeIn           <integer> = 0x0000000000000001 (1)
00:00:02.654923   FadeOut          <integer> = 0x0000000000000001 (1)
00:00:02.654928   HeightReduction  <integer> = 0x0000000000000000 (0)
00:00:02.654931   LogoFile         <string>  = "" (cb=1)
00:00:02.654935   LogoTime         <integer> = 0x0000000000000000 (0)
00:00:02.654939   MonitorCount     <integer> = 0x0000000000000001 (1)
00:00:02.654943   ShowBootMenu     <integer> = 0x0000000000000002 (2)
00:00:02.654947   VRamSize         <integer> = 0x0000000000c00000 (12 582 912, 12 MB)
00:00:02.654954 
00:00:02.654956 [/Devices/vga/0/LUN#0/] (level 4)
00:00:02.654962   Driver <string>  = "MainDisplay" (cb=12)
00:00:02.654965 
00:00:02.654967 [/Devices/vga/0/LUN#0/Config/] (level 5)
00:00:02.654973   Object <integer> = 0x00000000af302880 (2 939 168 896)
00:00:02.654979 
00:00:02.654981 [/Devices/virtio-net/] (level 2)
00:00:02.654985 
00:00:02.654987 [/EM/] (level 1)
00:00:02.654991   TripleFaultReset <integer> = 0x0000000000000000 (0)
00:00:02.654995 
00:00:02.654997 [/HM/] (level 1)
00:00:02.655001   64bitEnabled       <integer> = 0x0000000000000000 (0)
00:00:02.655005   EnableLargePages   <integer> = 0x0000000000000000 (0)
00:00:02.655009   EnableNestedPaging <integer> = 0x0000000000000001 (1)
00:00:02.655012   EnableUX           <integer> = 0x0000000000000001 (1)
00:00:02.655017   EnableVPID         <integer> = 0x0000000000000001 (1)
00:00:02.655021   Exclusive          <integer> = 0x0000000000000001 (1)
00:00:02.655025   HMForced           <integer> = 0x0000000000000000 (0)
00:00:02.655030 
00:00:02.655032 [/MM/] (level 1)
00:00:02.655036   CanUseLargerHeap <integer> = 0x0000000000000000 (0)
00:00:02.655039 
00:00:02.655041 [/PDM/] (level 1)
00:00:02.655045 
00:00:02.655047 [/PDM/AsyncCompletion/] (level 2)
00:00:02.655052 
00:00:02.655054 [/PDM/AsyncCompletion/File/] (level 3)
00:00:02.655059 
00:00:02.655061 [/PDM/AsyncCompletion/File/BwGroups/] (level 4)
00:00:02.655066 
00:00:02.655068 [/PDM/BlkCache/] (level 2)
00:00:02.655072   CacheSize <integer> = 0x0000000000500000 (5 242 880, 5 MB)
00:00:02.655079 
00:00:02.655081 [/PDM/Devices/] (level 2)
00:00:02.655085 
00:00:02.655087 [/PDM/Drivers/] (level 2)
00:00:02.655091 
00:00:02.655093 [/PDM/Drivers/VBoxC/] (level 3)
00:00:02.655098   Path <string>  = "/usr/lib/virtualbox/components/VBoxC" (cb=37)
00:00:02.655101 
00:00:02.655103 [/PDM/NetworkShaper/] (level 2)
00:00:02.655108 
00:00:02.655110 [/PDM/NetworkShaper/BwGroups/] (level 3)
00:00:02.655115 
00:00:02.655117 [/REM/] (level 1)
00:00:02.655120   64bitEnabled <integer> = 0x0000000000000001 (1)
00:00:02.655124 
00:00:02.655126 [/TM/] (level 1)
00:00:02.655130   UTCOffset <integer> = 0x0000000000000000 (0)
00:00:02.655134 
00:00:02.655136 [/USB/] (level 1)
00:00:02.655139 
00:00:02.655141 [/USB/HidMouse/] (level 2)
00:00:02.655146 
00:00:02.655148 [/USB/HidMouse/0/] (level 3)
00:00:02.655153 
00:00:02.655155 [/USB/HidMouse/0/Config/] (level 4)
00:00:02.655160   Mode <string>  = "absolute" (cb=9)
00:00:02.655163 
00:00:02.655165 [/USB/HidMouse/0/LUN#0/] (level 4)
00:00:02.655171   Driver <string>  = "MouseQueue" (cb=11)
00:00:02.655174 
00:00:02.655176 [/USB/HidMouse/0/LUN#0/AttachedDriver/] (level 5)
00:00:02.655182   Driver <string>  = "MainMouse" (cb=10)
00:00:02.655185 
00:00:02.655188 [/USB/HidMouse/0/LUN#0/AttachedDriver/Config/] (level 6)
00:00:02.655194   Object <integer> = 0x00000000af302328 (2 939 167 528)
00:00:02.655200 
00:00:02.655202 [/USB/HidMouse/0/LUN#0/Config/] (level 5)
00:00:02.655208   QueueSize <integer> = 0x0000000000000080 (128)
00:00:02.655212 
00:00:02.655214 [/USB/USBProxy/] (level 2)
00:00:02.655219 
00:00:02.655221 [/USB/USBProxy/GlobalConfig/] (level 3)
00:00:02.655226 
00:00:02.655228 ********************* End of CFGM dump **********************
00:00:02.655244 VM: fHMEnabled=true  (configured) fRecompileUser=false fRecompileSupervisor=false
00:00:02.655251 VM: fRawRing1Enabled=false CSAM=true  PATM=true 
00:00:02.655423 HMR3Init: AMD-V w/ nested paging
00:00:02.655475 MM: cbHyperHeap=0x100000 (1048576)
00:00:02.660559 CPUM: Matched host CPU AMD 0x12/0x1/0x0 AMD_K10_Llano with CPU DB entry 'AMD FX-8150 Eight-Core' (AMD 0x15/0x1/0x2 AMD_15h_Bulldozer).
00:00:02.660762 CPUM: MSR fudge: 0x00000017 IA32_PLATFORM_ID
00:00:02.660786 CPUM: MSR fudge: 0x000001a0 IA32_MISC_ENABLE
00:00:02.660833 CPUM: MSR fudge: 0x0000002c P4_EBC_FREQUENCY_ID
00:00:02.661672 Host paging mode: PAE+PGE
00:00:02.661704 PGMPool: cMaxPages=288 (u64MaxPages=288)
00:00:02.661717 pgmR3PoolInit: cMaxPages=0x120 cMaxUsers=0x240 cMaxPhysExts=0x240 fCacheEnable=true 
00:00:02.663849 REM: VBoxREM64
00:00:02.663909 Using 64-bit aware REM
00:00:02.679477 TM: GIP - u32Mode=2 (AsyncTSC) u32UpdateHz=83
00:00:02.718689 TM: cTSCTicksPerSecond=0x594247e0 (1 497 516 000) fTSCVirtualized=true  fTSCUseRealTSC=false
00:00:02.718698 TM: fMaybeUseOffsettedHostTSC=false TSCTiedToExecution=false TSCNotTiedToHalt=false
00:00:02.728116 CoreCode: R3=b1658000 R0=f85d6000 RC=a0349000 Phys=000000002d62e000 cb=0x2000
00:00:02.728393 AIOMgr: Default manager type is "Async"
00:00:02.728402 AIOMgr: Default file backend is "NonBuffered"
00:00:02.728651 BlkCache: Cache successfully initialised. Cache size is 5242880 bytes
00:00:02.728682 BlkCache: Cache commit interval is 10000 ms
00:00:02.728688 BlkCache: Cache commit threshold is 2621440 bytes
00:00:02.736717 [SMP] BIOS with 1 CPUs
00:00:02.747325 SUP: Loaded VBoxDDR0.r0 (/usr/lib/virtualbox/VBoxDDR0.r0) at 0xf9666020 - ModuleInit at 0000000000000000 and ModuleTerm at 0000000000000000
00:00:02.749465 SUP: Loaded VBoxDD2R0.r0 (/usr/lib/virtualbox/VBoxDD2R0.r0) at 0xf85e2020 - ModuleInit at 0000000000000000 and ModuleTerm at 0000000000000000
00:00:02.749498 Activating Local APIC
00:00:02.749505 CPUM: SetGuestCpuIdFeature: Enabled APIC
00:00:02.749672 PIT: mode=3 count=0x10000 (65536) - 18.20 Hz (ch=0)
00:00:02.755788 Shared Folders service loaded.
00:00:02.769599 DrvBlock: Flushes will be ignored
00:00:02.769646 DrvBlock: Async flushes will be passed to the disk
00:00:02.769960 VDInit finished
00:00:02.770532 AIOMgr: Endpoint for file '/home/tim/Downloads/College/CAndUnix/debian/debian_6.0.6.vdi' (flags 000c0723) created successfully
00:00:03.475934 VD: Opening the disk took 706243145 ns
00:00:03.475934 AHCI: LUN#0: disk, PCHS=16383/16/63, total number of sectors 104857600
00:00:03.475934 AHCI: LUN#0: using async I/O
00:00:03.477521 AHCI#0: Reset the HBA
00:00:03.478014 PIIX3 ATA: LUN#0: no unit
00:00:03.478030 PIIX3 ATA: LUN#1: no unit
00:00:03.478125 DrvBlock: Flushes will be ignored
00:00:03.478138 DrvBlock: Async flushes will be passed to the disk
00:00:03.478300 PIIX3 ATA: LUN#2: CD/DVD, total number of sectors 0, passthrough disabled
00:00:03.478325 PIIX3 ATA: LUN#3: no unit
00:00:03.478420 PIIX3 ATA: Ctl#1: finished processing RESET
00:00:03.478444 PIIX3 ATA: Ctl#0: finished processing RESET
00:00:03.521465 NAT: DNS server 127.0.1.1 registration detected, switching to the DNS proxy
00:00:03.521504 NAT: adding domain name eastern.ewu.edu
00:00:03.521511 NAT: DNS#0: 127.0.1.1
00:00:03.522589 Audio: Trying driver 'pulse'.
00:00:03.533425 Audio: set_record_source ars=0 als=0 (not implemented)
00:00:03.533517 Pulse: open PCM_IN rate=44100Hz channels=2 format=s16le
00:00:03.533560 Pulse: Requested record buffer attributes: maxlength=26460 fragsize=17640
00:00:03.721696 Pulse:  Obtained record buffer attributes: maxlength=26460 fragsize=8820
00:00:03.721819 Pulse: open PCM_OUT rate=44100Hz channels=2 format=s16le
00:00:03.721846 Pulse: Requested playback buffer attributes: maxlength=26460 tlength=17640 prebuf=-1 minreq=-1
00:00:03.742368 Pulse:  Obtained playback buffer attributes: maxlength=26460 tlength=12348 prebuf=8824 minreq=3528
00:00:03.745768 VUSB: attached 'HidMouse' to port 1
00:00:03.747689 DevPcBios: SATA LUN#0 LCHS=1024/255/63
00:00:03.747908 PGM: The CPU physical address width is 40 bits
00:00:03.747922 PGMR3InitFinalize: 4 MB PSE mask 000000ffffffffff
00:00:03.756775 VMM: Thread-context hooks enabled!
00:00:03.756844 HM: Using AMD-V implementation 2.0!
00:00:03.756847 HM: CPUID 0x80000001.u32AMDFeatureECX = 0x37ff
00:00:03.756852 HM: CPUID 0x80000001.u32AMDFeatureEDX = 0xefd3fbff
00:00:03.756855 HM: AMD HWCR MSR                      = 0x1000011
00:00:03.756858 HM: AMD-V revision                    = 0x1
00:00:03.756861 HM: AMD-V max ASID                    = 64
00:00:03.756864 HM: AMD-V features                    = 0x40f
00:00:03.756866 HM:   AMD_CPUID_SVM_FEATURE_EDX_NESTED_PAGING
00:00:03.756869 HM:   AMD_CPUID_SVM_FEATURE_EDX_LBR_VIRT
00:00:03.756871 HM:   AMD_CPUID_SVM_FEATURE_EDX_SVM_LOCK
00:00:03.756873 HM:   AMD_CPUID_SVM_FEATURE_EDX_NRIP_SAVE
00:00:03.756875 HM:   AMD_CPUID_SVM_FEATURE_EDX_PAUSE_FILTER
00:00:03.756881 HM: AMD-V enabled!
00:00:03.756883 HM:   Nested paging enabled!
00:00:03.756894 CPUM: SetGuestCpuIdFeature: Enabled SYSENTER/EXIT
00:00:03.756897 CPUM: SetGuestCpuIdFeature: Enabled SYSCALL/RET
00:00:03.756900 HM: TPR Patching disabled.
00:00:03.756902 HM: Guest support: 32-bit only.
00:00:03.756904 HM: VT-x/AMD-V init method: GLOBAL
00:00:03.756907 VMM: fUsePeriodicPreemptionTimers=true 
00:00:03.758009 Logical host processors: 4 present, 4 max, 4 online, online mask: 000000000000000f
00:00:03.758106 Physical host cores: 4
00:00:03.758109 ************************* CPUID dump ************************
00:00:03.758120          RAW Standard CPUIDs
00:00:03.758122      Function  eax      ebx      ecx      edx
00:00:03.758124 Gst: 00000000  00000005 68747541 444d4163 69746e65
00:00:03.758129 Hst:           00000006 68747541 444d4163 69746e65
00:00:03.758134 Gst: 00000001  00300f10 00000800 00000009 078bfbbf
00:00:03.758138 Hst:           00300f10 03040800 00802009 178bfbff
00:00:03.758142 Gst: 00000002  00000000 00000000 00000000 00000000
00:00:03.758145 Hst:           00000000 00000000 00000000 00000000
00:00:03.758147 Gst: 00000003  00000000 00000000 00000000 00000000
00:00:03.758150 Hst:           00000000 00000000 00000000 00000000
00:00:03.758153 Gst: 00000004  00000000 00000000 00000000 00000000
00:00:03.758156 Hst:           00000000 00000000 00000000 00000000
00:00:03.758158 Gst: 00000005  00000040 00000040 00000000 00000000
00:00:03.758162 Hst:           00000040 00000040 00000003 00000000
00:00:03.758164 Hst: 00000006  00000000 00000000 00000001 00000000
00:00:03.758168 Name:                            AuthenticAMD
00:00:03.758170 Supports:                        0-5
00:00:03.758173 Family:                          15  	Extended: 3 	Effective: 18
00:00:03.758176 Model:                           1  	Extended: 0 	Effective: 1
00:00:03.758179 Stepping:                        0
00:00:03.758181 Type:                            0 (primary)
00:00:03.758183 APIC ID:                         0x00
00:00:03.758185 Logical CPUs:                    0
00:00:03.758187 CLFLUSH Size:                    8
00:00:03.758189 Brand ID:                        0x00
00:00:03.758193 Mnemonic - Description                 = guest (host)
00:00:03.758195 FPU - x87 FPU on Chip                  = 1 (1)
00:00:03.758197 VME - Virtual 8086 Mode Enhancements   = 1 (1)
00:00:03.758200 DE - Debugging extensions              = 1 (1)
00:00:03.758202 PSE - Page Size Extension              = 1 (1)
00:00:03.758204 TSC - Time Stamp Counter               = 1 (1)
00:00:03.758207 MSR - Model Specific Registers         = 1 (1)
00:00:03.758209 PAE - Physical Address Extension       = 0 (1)
00:00:03.758211 MCE - Machine Check Exception          = 1 (1)
00:00:03.758214 CX8 - CMPXCHG8B instruction            = 1 (1)
00:00:03.758216 APIC - APIC On-Chip                    = 1 (1)
00:00:03.758218 10 - Reserved                          = 0 (0)
00:00:03.758221 SEP - SYSENTER and SYSEXIT             = 1 (1)
00:00:03.758223 MTRR - Memory Type Range Registers     = 1 (1)
00:00:03.758225 PGE - PTE Global Bit                   = 1 (1)
00:00:03.758227 MCA - Machine Check Architecture       = 1 (1)
00:00:03.758230 CMOV - Conditional Move Instructions   = 1 (1)
00:00:03.758232 PAT - Page Attribute Table             = 1 (1)
00:00:03.758234 PSE-36 - 36-bit Page Size Extention    = 1 (1)
00:00:03.758237 PSN - Processor Serial Number          = 0 (0)
00:00:03.758239 CLFSH - CLFLUSH Instruction.           = 1 (1)
00:00:03.758241 20 - Reserved                          = 0 (0)
00:00:03.758243 DS - Debug Store                       = 0 (0)
00:00:03.758245 ACPI - Thermal Mon. & Soft. Clock Ctrl.= 0 (0)
00:00:03.758248 MMX - Intel MMX Technology             = 1 (1)
00:00:03.758250 FXSR - FXSAVE and FXRSTOR Instructions = 1 (1)
00:00:03.758252 SSE - SSE Support                      = 1 (1)
00:00:03.758254 SSE2 - SSE2 Support                    = 1 (1)
00:00:03.758257 SS - Self Snoop                        = 0 (0)
00:00:03.758259 HTT - Hyper-Threading Technology       = 0 (1)
00:00:03.758261 TM - Thermal Monitor                   = 0 (0)
00:00:03.758263 30 - Reserved                          = 0 (0)
00:00:03.758266 PBE - Pending Break Enable             = 0 (0)
00:00:03.758268 Supports SSE3                          = 1 (1)
00:00:03.758270 PCLMULQDQ                              = 0 (0)
00:00:03.758272 DS Area 64-bit layout                  = 0 (0)
00:00:03.758275 Supports MONITOR/MWAIT                 = 1 (1)
00:00:03.758277 CPL-DS - CPL Qualified Debug Store     = 0 (0)
00:00:03.758279 VMX - Virtual Machine Technology       = 0 (0)
00:00:03.758281 SMX - Safer Mode Extensions            = 0 (0)
00:00:03.758284 Enhanced SpeedStep Technology          = 0 (0)
00:00:03.758286 Terminal Monitor 2                     = 0 (0)
00:00:03.758288 Supplemental SSE3 instructions         = 0 (0)
00:00:03.758290 L1 Context ID                          = 0 (0)
00:00:03.758293 11 - Reserved                          = 0 (0)
00:00:03.758295 FMA extensions using YMM state         = 0 (0)
00:00:03.758297 CMPXCHG16B instruction                 = 0 (1)
00:00:03.758299 xTPR Update Control                    = 0 (0)
00:00:03.758302 Perf/Debug Capability MSR              = 0 (0)
00:00:03.758304 16 - Reserved                          = 0 (0)
00:00:03.758306 PCID - Process-context identifiers     = 0 (0)
00:00:03.758308 DCA - Direct Cache Access              = 0 (0)
00:00:03.758311 SSE4.1 instruction extensions          = 0 (0)
00:00:03.758313 SSE4.2 instruction extensions          = 0 (0)
00:00:03.758315 Supports the x2APIC extensions         = 0 (0)
00:00:03.758317 MOVBE instruction                      = 0 (0)
00:00:03.758320 POPCNT instruction                     = 0 (1)
00:00:03.758322 TSC-Deadline LAPIC timer mode          = 0 (0)
00:00:03.758324 AESNI instruction extensions           = 0 (0)
00:00:03.758326 XSAVE/XRSTOR extended state feature    = 0 (0)
00:00:03.758329 Supports OSXSAVE                       = 0 (0)
00:00:03.758331 AVX instruction extensions             = 0 (0)
00:00:03.758333 16-bit floating point conversion instr = 0 (0)
00:00:03.758337 RDRAND instruction                     = 0 (0)
00:00:03.758340 Hypervisor Present (we're a guest)     = 0 (0)
00:00:03.758342 
00:00:03.758344          RAW Extended CPUIDs
00:00:03.758345      Function  eax      ebx      ecx      edx
00:00:03.758347 Gst: 80000000  80000008 68747541 444d4163 69746e65
00:00:03.758352 Hst:           8000001b 68747541 444d4163 69746e65
00:00:03.758357 Gst: 80000001  00300f10 10001951 00000010 cb83fb3f
00:00:03.758361 Hst:           00300f10 10001951 000037ff efd3fbff
00:00:03.758365 Gst: 80000002  20444d41 332d3641 4d303234 55504120
00:00:03.758369 Hst:           20444d41 332d3641 4d303234 55504120
00:00:03.758373 Gst: 80000003  74697720 61522068 6e6f6564 296d7428
00:00:03.758378 Hst:           74697720 61522068 6e6f6564 296d7428
00:00:03.758382 Gst: 80000004  20444820 70617247 73636968 00000000
00:00:03.758386 Hst:           20444820 70617247 73636968 00000000
00:00:03.758390 Gst: 80000005  ff30ff10 ff30ff20 40020140 40020140
00:00:03.758394 Hst:           ff30ff10 ff30ff20 40020140 40020140
00:00:03.758398 Gst: 80000006  20800000 44004200 04008140 00000000
00:00:03.758402 Hst:           20800000 44004200 04008140 00000000
00:00:03.758407 Gst: 80000007  00000000 00000000 00000000 00000000
00:00:03.758410 Hst:           00000000 00000000 00000000 000003f9
00:00:03.758413 Gst: 80000008  00003028 00000000 00000000 00000000
00:00:03.758416 Hst:           00003028 00000000 00002003 00000000
00:00:03.758419 Gst: 80000009  00000000 00000000 00000000 00000000*
00:00:03.758423 Hst:           00000000 00000000 00000000 00000000
00:00:03.758425 Ext Name:                        AuthenticAMD
00:00:03.758427 Ext Supports:                    0x80000000-0x80000008
00:00:03.758430 Family:                          15  	Extended: 3 	Effective: 18
00:00:03.758433 Model:                           1  	Extended: 0 	Effective: 1
00:00:03.758435 Stepping:                        0
00:00:03.758437 Brand ID:                        0x951
00:00:03.758440 Mnemonic - Description                 = guest (host)
00:00:03.758442 FPU - x87 FPU on Chip                  = 1 (1)
00:00:03.758444 VME - Virtual 8086 Mode Enhancements   = 1 (1)
00:00:03.758447 DE - Debugging extensions              = 1 (1)
00:00:03.758449 PSE - Page Size Extension              = 1 (1)
00:00:03.758451 TSC - Time Stamp Counter               = 1 (1)
00:00:03.758453 MSR - K86 Model Specific Registers     = 1 (1)
00:00:03.758456 PAE - Physical Address Extension       = 0 (1)
00:00:03.758458 MCE - Machine Check Exception          = 0 (1)
00:00:03.758460 CX8 - CMPXCHG8B instruction            = 1 (1)
00:00:03.758463 APIC - APIC On-Chip                    = 1 (1)
00:00:03.758465 10 - Reserved                          = 0 (0)
00:00:03.758467 SEP - SYSCALL and SYSRET               = 1 (1)
00:00:03.758469 MTRR - Memory Type Range Registers     = 1 (1)
00:00:03.758472 PGE - PTE Global Bit                   = 1 (1)
00:00:03.758474 MCA - Machine Check Architecture       = 1 (1)
00:00:03.758476 CMOV - Conditional Move Instructions   = 1 (1)
00:00:03.758478 PAT - Page Attribute Table             = 1 (1)
00:00:03.758481 PSE-36 - 36-bit Page Size Extention    = 1 (1)
00:00:03.758483 18 - Reserved                          = 0 (0)
00:00:03.758485 19 - Reserved                          = 0 (0)
00:00:03.758487 NX - No-Execute Page Protection        = 0 (1)
00:00:03.758489 DS - Debug Store                       = 0 (0)
00:00:03.758492 AXMMX - AMD Extensions to MMX Instr.   = 0 (1)
00:00:03.758494 MMX - Intel MMX Technology             = 1 (1)
00:00:03.758496 FXSR - FXSAVE and FXRSTOR Instructions = 1 (1)
00:00:03.758498 25 - AMD fast FXSAVE and FXRSTOR Instr.= 1 (1)
00:00:03.758501 26 - 1 GB large page support           = 0 (1)
00:00:03.758503 27 - RDTSCP instruction                = 1 (1)
00:00:03.758505 28 - Reserved                          = 0 (0)
00:00:03.758507 29 - AMD Long Mode                     = 0 (1)
00:00:03.758509 30 - AMD Extensions to 3DNow!          = 1 (1)
00:00:03.758512 31 - AMD 3DNow!                        = 1 (1)
00:00:03.758514 LahfSahf - LAHF/SAHF in 64-bit mode    = 0 (1)
00:00:03.758516 CmpLegacy - Core MP legacy mode (depr) = 0 (1)
00:00:03.758518 SVM - AMD VM Extensions                = 0 (1)
00:00:03.758521 APIC registers starting at 0x400       = 0 (1)
00:00:03.758523 AltMovCR8 - LOCK MOV CR0 means MOV CR8 = 1 (1)
00:00:03.758525 5  - Advanced bit manipulation         = 0 (1)
00:00:03.758527 6  - SSE4A instruction support         = 0 (1)
00:00:03.758530 7  - Misaligned SSE mode               = 0 (1)
00:00:03.758532 8  - PREFETCH and PREFETCHW instruction= 0 (1)
00:00:03.758534 9  - OS visible workaround             = 0 (1)
00:00:03.758536 10 - Instruction based sampling        = 0 (1)
00:00:03.758538 11 - SSE5 support                      = 0 (0)
00:00:03.758541 12 - SKINIT, STGI, and DEV support     = 0 (1)
00:00:03.758543 13 - Watchdog timer support.           = 0 (1)
00:00:03.758545 31:14 - Reserved                       = 0x0 (0x0)
00:00:03.758548 Full Name:                       AMD A6-3420M APU with Radeon(tm) HD Graphics
00:00:03.758551 TLB 2/4M Instr/Uni:              fully  16 entries
00:00:03.758553 TLB 2/4M Data:                   fully  48 entries
00:00:03.758556 TLB 4K Instr/Uni:                fully  32 entries
00:00:03.758558 TLB 4K Data:                     fully  48 entries
00:00:03.758561 L1 Instr Cache Line Size:        64 bytes
00:00:03.758563 L1 Instr Cache Lines Per Tag:    1
00:00:03.758565 L1 Instr Cache Associativity:    2 way
00:00:03.758566 L1 Instr Cache Size:             64 KB
00:00:03.758569 L1 Data Cache Line Size:         64 bytes
00:00:03.758571 L1 Data Cache Lines Per Tag:     1
00:00:03.758573 L1 Data Cache Associativity:     2 way
00:00:03.758575 L1 Data Cache Size:              64 KB
00:00:03.758577 L2 TLB 2/4M Instr/Uni:           off       0 entries
00:00:03.758579 L2 TLB 2/4M Data:                2 way   128 entries
00:00:03.758582 L2 TLB 4K Instr/Uni:             4 way   512 entries
00:00:03.758584 L2 TLB 4K Data:                  4 way  1024 entries
00:00:03.758587 L2 Cache Line Size:              0 bytes
00:00:03.758589 L2 Cache Lines Per Tag:          0
00:00:03.758590 L2 Cache Associativity:          off   
00:00:03.758592 L2 Cache Size:                   0 KB
00:00:03.758594 Host Invariant-TSC support:      true 
00:00:03.758597 APM Features:                   
00:00:03.758599 Physical Address Width:          40 bits
00:00:03.758601 Virtual Address Width:           48 bits
00:00:03.758603 Guest Physical Address Width:    0 bits
00:00:03.758605 Physical Core Count:             0
00:00:03.758607 
00:00:03.758609          RAW Centaur CPUIDs
00:00:03.758610      Function  eax      ebx      ecx      edx
00:00:03.758612 Gst: c0000000  00000000 00000000 00000000 00000000
00:00:03.758616 Hst:           00000000 00000000 00000000 00000000
00:00:03.758619 Gst: c0000001  00000000 00000000 00000000 00000000*
00:00:03.758623 Hst:           00000000 00000000 00000000 00000000
00:00:03.758625 Gst: c0000002  00000000 00000000 00000000 00000000*
00:00:03.758629 Hst:           00000000 00000000 00000000 00000000
00:00:03.758631 Gst: c0000003  00000000 00000000 00000000 00000000*
00:00:03.758635 Hst:           00000000 00000000 00000000 00000000
00:00:03.758637 Centaur Supports:                0xc0000000-0x00000000
00:00:03.758640 
00:00:03.758642 ******************** End of CPUID dump **********************
00:00:03.765159 VM: Halt method global1 (5)
00:00:03.765171 HaltedGlobal1 config: cNsSpinBlockThresholdCfg=2000
00:00:03.765178 Changing the VM state from 'CREATING' to 'CREATED'.
00:00:03.766684 Changing the VM state from 'CREATED' to 'LOADING'.
00:00:03.767670 SSM: File header: Format 2.0, VirtualBox Version 4.3.26 r98988, 32-bit host, cbGCPhys=8, cbGCPtr=8
00:00:03.768650 VUSB: detached 'HidMouse' from port 1
00:00:03.768710 SSM: Saved state info:
00:00:03.768716 SSM:   Build Type: release
00:00:03.768721 SSM:   Host OS: linux.x86
00:00:03.769163 PCI:    PIIX3/0: register 61: 09 -> 0b
00:00:03.769174 PCI:    PIIX3/0: register 62: 0b -> 0a
00:00:03.769181 PCI: piix3ide/0:  8-bit field LATENCY_TIMER: 0 -> 40
00:00:03.769217 PCI: piix3ide/0: register 41: 80 -> c0
00:00:03.769225 PCI: piix3ide/0: register 42: 00 -> 03
00:00:03.769231 PCI: piix3ide/0: register 43: 80 -> e3
00:00:03.769237 PCI: piix3ide/0: register 48: 00 -> 04
00:00:03.769243 PCI: piix3ide/0: register 4b: 00 -> 02
00:00:03.769249 PCI:      vga/0:  8-bit field LATENCY_TIMER: 0 -> 40
00:00:03.769257 PCI:      vga/0:  8-bit field INTERRUPT_LINE: 9 -> b
00:00:03.769264 PCI:      vga/0: 16-bit field COMMAND: 3 -> 7
00:00:03.769943 PCI:    e1000/0:  8-bit field LATENCY_TIMER: 0 -> 40
00:00:03.769952 PCI:    e1000/0:  8-bit field INTERRUPT_LINE: b -> a
00:00:03.769959 PCI:    e1000/0: 16-bit field COMMAND: 3 -> 7
00:00:03.769993 PCI:   VMMDev/0: 16-bit field COMMAND: 3 -> 7
00:00:03.770067 PCI:  ichac97/0:  8-bit field LATENCY_TIMER: 0 -> 40
00:00:03.770075 PCI:  ichac97/0: 16-bit field COMMAND: 1 -> 7
00:00:03.770084 PCI: usb-ohci/0:  8-bit field LATENCY_TIMER: 0 -> 40
00:00:03.770091 PCI: usb-ohci/0:  8-bit field INTERRUPT_LINE: 9 -> b
00:00:03.770098 PCI: usb-ohci/0: 16-bit field COMMAND: 2 -> 7
00:00:03.770117 PCI:     acpi/0: 16-bit field COMMAND: 1 -> 7
00:00:03.770125 PCI:     ahci/0:  8-bit field LATENCY_TIMER: 0 -> 40
00:00:03.770133 PCI:     ahci/0: 16-bit field COMMAND: 3 -> 7
00:00:05.808725 TM: cTSCTicksPerSecond=0x595d0c6a (1 499 270 250) fTSCVirtualized=true  fTSCUseRealTSC=false (state load)
00:00:05.808908 PIT: mode=4 count=0x10000 (65536) - 18.20 Hz (ch=0) (restore)
00:00:05.808928 RTC: stopped the periodic timer (restore)
00:00:05.809074 HGCM: restoring [VBoxSharedFolders]
00:00:05.809142 HGCM: restoring [VBoxGuestControlSvc]
00:00:05.809583 HGCM: restoring [VBoxGuestPropSvc]
00:00:05.810003 HGCM: restoring [VBoxDragAndDropSvc]
00:00:05.810052 HGCM: restoring [VBoxSharedClipboard]
00:00:05.810169 Starting host clipboard service
00:00:05.810421 Initializing X11 clipboard backend
00:00:05.901725 Shared clipboard: starting shared clipboard thread
00:00:05.902436 Guest Additions information report: additionsVersion = 0x00010004, osType = 0x00053000 (32-bit)
00:00:05.902928 Audio: set_record_source ars=0 als=0 (not implemented)
00:00:05.903211 UIMachineLogicNormal::sltCheckForRequestedVisualStateType: Requested-state=0, Machine-state=13
00:00:05.903286 UIMachineLogicNormal::sltCheckForRequestedVisualStateType: Requested-state=0, Machine-state=13
00:00:05.903317 UIMachineLogicNormal::sltCheckForRequestedVisualStateType: Requested-state=0, Machine-state=13
00:00:05.903346 UIMachineLogicNormal::sltCheckForRequestedVisualStateType: Requested-state=0, Machine-state=13
00:00:05.903495 Releasing keys...
00:00:05.913862 Changing the VM state from 'LOADING' to 'SUSPENDED'.
00:00:05.914098 Changing the VM state from 'SUSPENDED' to 'RESUMING'.
00:00:05.914776 NAT: link down
00:00:05.915096 Changing the VM state from 'RESUMING' to 'RUNNING'.
00:00:06.049798 Display::handleDisplayResize(): uScreenId = 0, pvVRAM=a5b2c000 w=800 h=600 bpp=32 cbLine=0xC80, flags=0x1
00:00:06.049880 UIFrameBuffer::RequestResize: Screen=0, Format=843204434, BitsPerPixel=32, BytesPerLine=3200, Size=800x600, Sending to async-handler..
00:00:06.049926 VBVA: Enabled.
00:00:06.064245 UIFrameBufferQImage::resizeEvent: Format=843204434, BitsPerPixel=32, BytesPerLine=3200, Size=800x600
00:00:06.064311 UIFrameBufferQImage::resizeEvent: Resizing to directly use VGA device content..
00:00:06.219558 2D video acceleration is disabled.
00:00:06.219558 HID LEDs sync is not supported on this platform.
00:00:06.219558 UIMachineLogicNormal::sltCheckForRequestedVisualStateType: Requested-state=0, Machine-state=5
00:00:06.300318 VUSB: attached 'HidMouse' to port 1
00:00:11.050296 NAT: link up
00:00:11.050630 NAT: DNS server 127.0.1.1 registration detected, switching to the DNS proxy
00:00:11.051095 NAT: adding domain name eastern.ewu.edu
00:00:11.051135 NAT: DNS#0: 127.0.1.1
00:00:11.094534 NAT: adding domain name eastern.ewu.edu
00:00:11.094579 NAT: DNS#0: 127.0.1.1
00:00:11.094603 NAT: DHCP offered IP address 10.0.2.15
00:01:33.072610 Display::handleDisplayResize(): uScreenId = 0, pvVRAM=00000000 w=720 h=400 bpp=0 cbLine=0x0, flags=0x1
00:01:33.072668 UIFrameBuffer::RequestResize: Screen=0, Format=0, BitsPerPixel=0, BytesPerLine=0, Size=720x400, Sending to async-handler..
00:01:33.072712 VBVA: Disabled.
00:01:33.072995 UIFrameBufferQImage::resizeEvent: Format=0, BitsPerPixel=0, BytesPerLine=0, Size=720x400
00:01:33.073055 UIFrameBufferQImage::resizeEvent: Resizing to FALLBACK buffer due to format is invalid..
00:01:34.393687 Guest Additions capability report: (0x5 -> 0x1) seamless: yes, hostWindowMapping: no, graphics: no
00:01:34.394155 UIMachineLogicNormal::sltCheckForRequestedVisualStateType: Requested-state=0, Machine-state=5
00:01:34.403347 Guest Additions capability report: (0x1 -> 0x0) seamless: no, hostWindowMapping: no, graphics: no
00:01:34.403550 Stopping the host clipboard service
00:01:34.403609 ClipStopX11: stopping the shared clipboard X11 backend
00:01:34.403809 UIMachineLogicNormal::sltCheckForRequestedVisualStateType: Requested-state=0, Machine-state=5
00:01:34.403950 Shared clipboard: shared clipboard thread terminated successfully
00:01:34.409705 AIOMgr: Flush failed with VERR_INVALID_PARAMETER, disabling async flushes
00:01:35.597558 Guest Additions capability report: (0x0 -> 0x4) seamless: no, hostWindowMapping: no, graphics: yes
00:01:35.598012 UIMachineLogicNormal::sltCheckForRequestedVisualStateType: Requested-state=0, Machine-state=5
00:01:35.598130 Display::handleDisplayResize(): uScreenId = 0, pvVRAM=a5b2c000 w=800 h=98 bpp=32 cbLine=0x1F400, flags=0x1
00:01:35.598154 UIFrameBuffer::RequestResize: Screen=0, Format=843204434, BitsPerPixel=32, BytesPerLine=128000, Size=800x98, Sending to async-handler..
00:01:35.598270 UIFrameBufferQImage::resizeEvent: Format=843204434, BitsPerPixel=32, BytesPerLine=128000, Size=800x98
00:01:35.598292 UIFrameBufferQImage::resizeEvent: Resizing to directly use VGA device content..
00:01:35.603463 VBVA: Enabled.
00:01:35.603605 Guest Additions capability report: (0x4 -> 0x4) seamless: no, hostWindowMapping: no, graphics: yes
00:01:35.625894 UIMachineLogicNormal::sltCheckForRequestedVisualStateType: Requested-state=0, Machine-state=5
00:01:35.632868 VBVA: Disabled.
00:01:35.635750 Display::handleDisplayResize(): uScreenId = 0, pvVRAM=a5b2c000 w=800 h=600 bpp=32 cbLine=0xC80, flags=0x1
00:01:35.635750 UIFrameBuffer::RequestResize: Screen=0, Format=843204434, BitsPerPixel=32, BytesPerLine=3200, Size=800x600, Sending to async-handler..
00:01:35.635750 VBVA: Enabled.
00:01:35.635750 Guest Additions capability report: (0x4 -> 0x4) seamless: no, hostWindowMapping: no, graphics: yes
00:01:35.635750 VBVA: Disabled.
00:01:35.635750 VBVA: Enabled.
00:01:35.636876 UIFrameBufferQImage::resizeEvent: Format=843204434, BitsPerPixel=32, BytesPerLine=3200, Size=800x600
00:01:35.636932 UIFrameBufferQImage::resizeEvent: Resizing to directly use VGA device content..
00:01:35.637654 UIMachineLogicNormal::sltCheckForRequestedVisualStateType: Requested-state=0, Machine-state=5
00:02:08.895342 Changing the VM state from 'RUNNING' to 'SUSPENDING'.
00:02:08.949489 AIOMgr: Endpoint for file '/home/tim/Downloads/College/CAndUnix/debian/debian_6.0.6.vdi' (flags 000c0781) created successfully
00:02:08.978889 PDMR3Suspend: 83 446 803 ns run time
00:02:08.978954 Changing the VM state from 'SUSPENDING' to 'SUSPENDED'.
00:02:13.782857 Changing the VM state from 'SUSPENDED' to 'RESUMING'.
00:02:13.784013 AIOMgr: Endpoint for file '/home/tim/Downloads/College/CAndUnix/debian/debian_6.0.6.vdi' (flags 000c0723) created successfully
00:02:13.808845 Changing the VM state from 'RESUMING' to 'RUNNING'.
00:02:13.856366 UIMediumEnumerator: Machine (or snapshot) event received, ID = db6b2672-a32b-4361-892c-8f76c80c5ca2
00:02:13.856452 UIMediumEnumerator:  Old usage: 755b1641-22ae-4982-93fc-f0ebed5d564c
00:02:13.866008 UIMediumEnumerator:  New usage: 755b1641-22ae-4982-93fc-f0ebed5d564c
00:02:13.866067 UIMediumEnumerator: Machine (or snapshot) event processed, ID = db6b2672-a32b-4361-892c-8f76c80c5ca2
00:02:16.408083 Display::handleDisplayResize(): uScreenId = 0, pvVRAM=00000000 w=720 h=400 bpp=0 cbLine=0x0, flags=0x1
00:02:16.408136 UIFrameBuffer::RequestResize: Screen=0, Format=0, BitsPerPixel=0, BytesPerLine=0, Size=720x400, Sending to async-handler..
00:02:16.408182 VBVA: Disabled.
00:02:16.408489 UIFrameBufferQImage::resizeEvent: Format=0, BitsPerPixel=0, BytesPerLine=0, Size=720x400
00:02:16.408548 UIFrameBufferQImage::resizeEvent: Resizing to FALLBACK buffer due to format is invalid..
00:02:17.558962 Guest Additions capability report: (0x4 -> 0x0) seamless: no, hostWindowMapping: no, graphics: no
00:02:17.559425 UIMachineLogicNormal::sltCheckForRequestedVisualStateType: Requested-state=0, Machine-state=5
00:02:17.876328 NAT: IPv6 not supported
00:02:22.465173 AIOMgr: Flush failed with VERR_INVALID_PARAMETER, disabling async flushes
00:02:22.653254 OHCI: USB Reset
00:02:22.672328 Entering S5 power state (power down)
00:02:22.672392 Changing the VM state from 'RUNNING' to 'POWERING_OFF'.
00:02:22.672421 ****************** Guest state at power off ******************
00:02:22.672443 Guest CPUM (VCPU 0) state: 
00:02:22.672457 eax=00001401 ebx=00004004 ecx=00000010 edx=00004004 esi=00001401 edi=c13a53f0
00:02:22.672466 eip=c1165822 esp=d79c1e2c ebp=00000001 iopl=0         nv up di pl nz na po nc
00:02:22.672476 cs={0060 base=0000000000000000 limit=ffffffff flags=0000c09b} dr0=00000000 dr1=00000000
00:02:22.672488 ds={007b base=0000000000000000 limit=ffffffff flags=0000c0f3} dr2=00000000 dr3=00000000
00:02:22.672497 es={007b base=0000000000000000 limit=ffffffff flags=0000c0f3} dr4=00000000 dr5=00000000
00:02:22.672505 fs={00d8 base=00000000007eb000 limit=ffffffff flags=00008093} dr6=ffff0ff0 dr7=00000400
00:02:22.672516 gs={00e0 base=00000000c1c07fe0 limit=00000018 flags=00004091} cr0=8005003b cr2=b7724514
00:02:22.672527 ss={0068 base=0000000000000000 limit=ffffffff flags=0000c093} cr3=178c9000 cr4=000006d0
00:02:22.672537 gdtr=00000000c1c00000:00ff  idtr=00000000c135d000:07ff  eflags=00000046
00:02:22.672547 ldtr={0000 base=00000000 limit=0000ffff flags=00000000}
00:02:22.672552 tr  ={0080 base=c1c05e20 limit=0000206b flags=00000089}
00:02:22.672559 SysEnter={cs=0060 eip=c1003078 esp=c1c07fa0}
00:02:22.672567 FCW=037f FSW=0000 FTW=0000 FOP=0000 MXCSR=00001f80 MXCSR_MASK=0002ffff
00:02:22.672575 FPUIP=00000000 CS=0000 Rsrvd1=0000  FPUDP=00000000 DS=0000 Rsvrd2=0000
00:02:22.672583 ST(0)=FPR0={0000'00000000'00000000} t0 +0.0000000000000000000000 ^ 0
00:02:22.672594 ST(1)=FPR1={0000'00000000'00000000} t0 +0.0000000000000000000000 ^ 0
00:02:22.672604 ST(2)=FPR2={0000'00000000'00000000} t0 +0.0000000000000000000000 ^ 0
00:02:22.672613 ST(3)=FPR3={0000'00000000'00000000} t0 +0.0000000000000000000000 ^ 0
00:02:22.672621 ST(4)=FPR4={0000'00000000'00000000} t0 +0.0000000000000000000000 ^ 0
00:02:22.672629 ST(5)=FPR5={0000'00000000'00000000} t0 +0.0000000000000000000000 ^ 0
00:02:22.672637 ST(6)=FPR6={0000'00000000'00000000} t0 +0.0000000000000000000000 ^ 0
00:02:22.672645 ST(7)=FPR7={0000'00000000'00000000} t0 +0.0000000000000000000000 ^ 0
00:02:22.672653 XMM0 =00ff0000'00000000'00000000'000000ff  XMM1 =00000000'00000000'00000000'00000000
00:02:22.672665 XMM2 =00000000'00000000'00000000'00000000  XMM3 =00000000'00000000'00000000'00000000
00:02:22.672675 XMM4 =00000000'00000000'00000000'00000000  XMM5 =00000000'00000000'00000000'00000000
00:02:22.672685 XMM6 =00000000'00000000'00000000'00000000  XMM7 =00000000'00000000'00000000'00000000
00:02:22.672695 XMM8 =00000000'00000000'00000000'00000000  XMM9 =00000000'00000000'00000000'00000000
00:02:22.672704 XMM10=00000000'00000000'00000000'00000000  XMM11=00000000'00000000'00000000'00000000
00:02:22.672714 XMM12=00000000'00000000'00000000'00000000  XMM13=00000000'00000000'00000000'00000000
00:02:22.672724 XMM14=00000000'00000000'00000000'00000000  XMM15=00000000'00000000'00000000'00000000
00:02:22.672734 EFER         =0000000000000000
00:02:22.672738 PAT          =0007010600070106
00:02:22.672745 STAR         =0000000000000000
00:02:22.672749 CSTAR        =0000000000000000
00:02:22.672752 LSTAR        =0000000000000000
00:02:22.672756 SFMASK       =0000000000000000
00:02:22.672759 KERNELGSBASE =0000000000000000
00:02:22.672763 ***
00:02:22.672771 Guest paging mode:  32-bit (changed 3 times), A20 enabled (changed 0 times)
00:02:22.672778 Shadow paging mode: Nested
00:02:22.672782 Host paging mode:   PAE+G
00:02:22.672785 ***
00:02:22.672792 Active Timers (pVM=af505000)
00:02:22.672796 pTimerR3 offNext  offPrev  offSched Clock               Time             Expire HzHint State                     Description
00:02:22.672813 a8c21ec0 0000f340 00000000 00000000 Real            69858629           69858644      0 2-ACTIVE                  VGA Refresh Timer
00:02:22.672831 a8c31200 ffffffa0 ffff0cc0 00000000 Real            69858629           69858648      0 2-ACTIVE                  EMT Yielder
00:02:22.672848 a8c311a0 00000000 00000060 00000000 Real            69858629           69858774      0 2-ACTIVE                  CPU Load Timer
00:02:22.672916 a8c2d7f0 ffffffa0 00000000 00000000 Virt        692320194021       692320661515      0 2-ACTIVE                  Audio timer
00:02:22.672934 a8c2d790 00000000 00000060 00000000 Virt        692320212037       697104081232      0 2-ACTIVE                  E1000 Link Up Timer
00:02:22.672953 a8c0e380 00022180 00000000 00000000 VrSy        692319903917       692990000000      0 2-ACTIVE                  MC146818 RTC/CMOS - Second
00:02:22.672971 a8c30500 00000000 fffdde80 00000000 VrSy        692319922524      1199864032003      0 2-ACTIVE                  ACPI PM Timer
00:02:22.672990 ***
00:02:22.672997 ***
00:02:22.673001 ************** End of Guest state at power off ***************
00:02:22.727085 PDMR3PowerOff: 54 035 076 ns run time
00:02:22.727148 Changing the VM state from 'POWERING_OFF' to 'OFF'.
00:02:22.730656 Console::powerDown(): A request to power off the VM has been issued (mMachineState=Stopping, InUninit=0)
00:02:22.740390 Changing the VM state from 'OFF' to 'DESTROYING'.
00:02:22.740652 ************************* Statistics *************************
00:02:22.740826 /CPUM/MSR-Totals/Reads                  2 times
00:02:22.740841 /CPUM/MSR-Totals/ReadsRaisingGP         0 times
00:02:22.740853 /CPUM/MSR-Totals/ReadsUnknown           0 times
00:02:22.740865 /CPUM/MSR-Totals/Writes                 0 times
00:02:22.740876 /CPUM/MSR-Totals/WritesRaisingGP        0 times
00:02:22.740886 /CPUM/MSR-Totals/WritesToIgnoredBits        0 times
00:02:22.740897 /CPUM/MSR-Totals/WritesUnknown          0 times
00:02:22.740908 /Devices/E1k0/ReceiveBytes           1180 bytes
00:02:22.740920 /Devices/E1k0/TransmitBytes          4079 bytes
00:02:22.740932 /Devices/IDE0/ATA0/Unit0/AtapiDMA        0 times
00:02:22.740943 /Devices/IDE0/ATA0/Unit0/AtapiPIO        0 times
00:02:22.740953 /Devices/IDE0/ATA0/Unit0/DMA            0 times
00:02:22.740963 /Devices/IDE0/ATA0/Unit0/PIO            0 times
00:02:22.740974 /Devices/IDE0/ATA0/Unit0/ReadBytes        0 bytes
00:02:22.740985 /Devices/IDE0/ATA0/Unit0/WrittenBytes        0 bytes
00:02:22.740996 /Devices/IDE0/ATA0/Unit1/AtapiDMA        0 times
00:02:22.741006 /Devices/IDE0/ATA0/Unit1/AtapiPIO        0 times
00:02:22.741016 /Devices/IDE0/ATA0/Unit1/DMA            0 times
00:02:22.741027 /Devices/IDE0/ATA0/Unit1/PIO            0 times
00:02:22.741037 /Devices/IDE0/ATA0/Unit1/ReadBytes        0 bytes
00:02:22.741048 /Devices/IDE0/ATA0/Unit1/WrittenBytes        0 bytes
00:02:22.741058 /Devices/IDE0/ATA1/Unit0/AtapiDMA        0 times
00:02:22.741081 /Devices/IDE0/ATA1/Unit0/AtapiPIO      256 times
00:02:22.741093 /Devices/IDE0/ATA1/Unit0/DMA            0 times
00:02:22.741104 /Devices/IDE0/ATA1/Unit0/PIO            0 times
00:02:22.741115 /Devices/IDE0/ATA1/Unit0/ReadBytes        0 bytes
00:02:22.741129 /Devices/IDE0/ATA1/Unit0/WrittenBytes        0 bytes
00:02:22.741140 /Devices/IDE0/ATA1/Unit1/AtapiDMA        0 times
00:02:22.741151 /Devices/IDE0/ATA1/Unit1/AtapiPIO        0 times
00:02:22.741161 /Devices/IDE0/ATA1/Unit1/DMA            0 times
00:02:22.741171 /Devices/IDE0/ATA1/Unit1/PIO            0 times
00:02:22.741182 /Devices/IDE0/ATA1/Unit1/ReadBytes        0 bytes
00:02:22.741192 /Devices/IDE0/ATA1/Unit1/WrittenBytes        0 bytes
00:02:22.741203 /Devices/SATA0/Port0/DMA              992 times
00:02:22.741215 /Devices/SATA0/Port0/ReadBytes    3973120 bytes
00:02:22.741227 /Devices/SATA0/Port0/WrittenBytes  8089600 bytes
00:02:22.741254 /Devices/VMMDev/BalloonChunks           0 count
00:02:22.741266 /FT/Checkpoint/Network                  0 times
00:02:22.741278 /FT/Checkpoint/Storage                  0 times
00:02:22.741289 /FT/Received/Mem                        0 bytes
00:02:22.741301 /FT/Received/State                      0 bytes
00:02:22.741313 /FT/Sent/Mem                            0 bytes
00:02:22.741326 /FT/Sent/State                          0 bytes
00:02:22.741338 /FT/Sync/DeltaMem                       0 times
00:02:22.741350 /FT/Sync/DeltaVM                        0 times
00:02:22.741362 /FT/Sync/Full                           0 times
00:02:22.741375 /GMM/VM/Allocated/cBasePages       105665 pages
00:02:22.741460 /GMM/VM/Allocated/cFixedPages           0 pages
00:02:22.741475 /GMM/VM/Allocated/cShadowPages          0 pages
00:02:22.741486 /GMM/VM/Reserved/cBasePages        131230 pages
00:02:22.741498 /GMM/VM/Reserved/cFixedPages         4100 pages
00:02:22.741509 /GMM/VM/Reserved/cShadowPages           1 pages
00:02:22.741519 /GMM/VM/cBalloonedPages                 0 pages
00:02:22.741531 /GMM/VM/cMaxBalloonedPages              0 pages
00:02:22.741542 /GMM/VM/cPrivatePages              105665 pages
00:02:22.741554 /GMM/VM/cReqActuallyBalloonedPages        0 pages
00:02:22.741565 /GMM/VM/cReqBalloonedPages              0 pages
00:02:22.741576 /GMM/VM/cReqDeflatePages                0 pages
00:02:22.741587 /GMM/VM/cShareableModules               0 count
00:02:22.741631 /GMM/VM/cSharedPages                    0 pages
00:02:22.741644 /GMM/VM/enmPolicy                       1 
00:02:22.741656 /GMM/VM/enmPriority                     2 
00:02:22.741668 /GMM/VM/fBallooningEnabled       false    
00:02:22.741680 /GMM/VM/fMayAllocate             true     
00:02:22.741691 /GMM/VM/fSharedPagingEnabled     false    
00:02:22.741702 /GMM/cAllocatedPages               105665 pages
00:02:22.741714 /GMM/cBalloonedPages                    0 pages
00:02:22.741726 /GMM/cChunks                          207 count
00:02:22.741739 /GMM/cDuplicatePages                    0 pages
00:02:22.741750 /GMM/cFreedChunks                       0 count
00:02:22.741762 /GMM/cLeftBehindSharedPages             0 pages
00:02:22.741772 /GMM/cMaxPages                   4294967295 pages
00:02:22.741786 /GMM/cOverCommittedPages                0 pages
00:02:22.741797 /GMM/cReservedPages                135331 pages
00:02:22.741809 /GMM/cShareableModules                  0 count
00:02:22.741821 /GMM/cSharedPages                       0 pages
00:02:22.741832 /GVMM/EMTs                              1 calls
00:02:22.741845 /GVMM/HostCPUs                          4 calls
00:02:22.741857 /GVMM/HostCpus/0                        0 
00:02:22.741868 /GVMM/HostCpus/0/CurTimerHz           379 Hz
00:02:22.741879 /GVMM/HostCpus/0/DesiredHz              0 Hz
00:02:22.741890 /GVMM/HostCpus/0/PPTChanges           193 times
00:02:22.741901 /GVMM/HostCpus/0/PPTStarts            102 times
00:02:22.741912 /GVMM/HostCpus/0/idxCpuSet              0 
00:02:22.741922 /GVMM/HostCpus/1                        1 
00:02:22.741934 /GVMM/HostCpus/1/CurTimerHz             0 Hz
00:02:22.741944 /GVMM/HostCpus/1/DesiredHz              0 Hz
00:02:22.741955 /GVMM/HostCpus/1/PPTChanges           217 times
00:02:22.741966 /GVMM/HostCpus/1/PPTStarts            103 times
00:02:22.741976 /GVMM/HostCpus/1/idxCpuSet              1 
00:02:22.741987 /GVMM/HostCpus/2                        2 
00:02:22.741999 /GVMM/HostCpus/2/CurTimerHz           281 Hz
00:02:22.742009 /GVMM/HostCpus/2/DesiredHz              0 Hz
00:02:22.742020 /GVMM/HostCpus/2/PPTChanges           239 times
00:02:22.742031 /GVMM/HostCpus/2/PPTStarts             94 times
00:02:22.742042 /GVMM/HostCpus/2/idxCpuSet              2 
00:02:22.742052 /GVMM/HostCpus/3                        3 
00:02:22.742064 /GVMM/HostCpus/3/CurTimerHz             0 Hz
00:02:22.742074 /GVMM/HostCpus/3/DesiredHz              0 Hz
00:02:22.742085 /GVMM/HostCpus/3/PPTChanges           237 times
00:02:22.742096 /GVMM/HostCpus/3/PPTStarts            106 times
00:02:22.742107 /GVMM/HostCpus/3/idxCpuSet              3 
00:02:22.742118 /GVMM/Sum/HaltBlocking              31199 calls
00:02:22.742130 /GVMM/Sum/HaltCalls                 32178 calls
00:02:22.742143 /GVMM/Sum/HaltNotBlocking             979 calls
00:02:22.742154 /GVMM/Sum/HaltTimeouts              23146 calls
00:02:22.742166 /GVMM/Sum/HaltWakeUps                   0 calls
00:02:22.742178 /GVMM/Sum/PokeCalls                   453 calls
00:02:22.742189 /GVMM/Sum/PokeNotBusy                 161 calls
00:02:22.742201 /GVMM/Sum/PollCalls                     4 calls
00:02:22.742213 /GVMM/Sum/PollHalts                     0 calls
00:02:22.742224 /GVMM/Sum/PollWakeUps                   0 calls
00:02:22.742235 /GVMM/Sum/WakeUpCalls                8295 calls
00:02:22.742247 /GVMM/Sum/WakeUpNotHalted            2602 calls
00:02:22.742259 /GVMM/Sum/WakeUpWakeUps                 0 calls
00:02:22.742270 /GVMM/VM/HaltBlocking               31199 calls
00:02:22.742282 /GVMM/VM/HaltCalls                  32178 calls
00:02:22.742294 /GVMM/VM/HaltNotBlocking              979 calls
00:02:22.742306 /GVMM/VM/HaltTimeouts               23146 calls
00:02:22.742318 /GVMM/VM/HaltWakeUps                    0 calls
00:02:22.742329 /GVMM/VM/PokeCalls                    453 calls
00:02:22.742341 /GVMM/VM/PokeNotBusy                  161 calls
00:02:22.742353 /GVMM/VM/PollCalls                      4 calls
00:02:22.742365 /GVMM/VM/PollHalts                      0 calls
00:02:22.742387 /GVMM/VM/PollWakeUps                    0 calls
00:02:22.742399 /GVMM/VM/WakeUpCalls                 8295 calls
00:02:22.742411 /GVMM/VM/WakeUpNotHalted             2602 calls
00:02:22.742423 /GVMM/VM/WakeUpWakeUps                  0 calls
00:02:22.742435 /GVMM/VMs                               1 calls
00:02:22.742448 /HM/CPU0/Exit/HostNmiInGC               0 times
00:02:22.742460 /IEM/CPU0/cInstructions              1156 count
00:02:22.742471 /IEM/CPU0/cPotentialExits            5124 count
00:02:22.742483 /IEM/CPU0/cRetAspectNotImplemented        0 count
00:02:22.742494 /IEM/CPU0/cRetErrStatuses               0 count
00:02:22.742506 /IEM/CPU0/cRetInfStatuses               2 count
00:02:22.742517 /IEM/CPU0/cRetInstrNotImplemented        0 count
00:02:22.742527 /IEM/CPU0/cbWritten                 20424 bytes
00:02:22.742541 /MM/HyperHeap/cbFree               806992 bytes
00:02:22.742553 /MM/HyperHeap/cbHeap              1048384 bytes
00:02:22.742565 /PDM/BlkCache/cbCached            5238784 bytes
00:02:22.742578 /PDM/BlkCache/cbCachedFru           12288 bytes
00:02:22.742590 /PDM/BlkCache/cbCachedMruIn       5226496 bytes
00:02:22.742603 /PDM/BlkCache/cbCachedMruOut      1490944 bytes
00:02:22.742614 /PDM/BlkCache/cbMax               5242880 bytes
00:02:22.742627 /PDM/CritSects/8237A#0Auto/ContentionR3        0 times
00:02:22.742639 /PDM/CritSects/8237A#0Auto/ContentionRZLock        0 times
00:02:22.742650 /PDM/CritSects/8237A#0Auto/ContentionRZUnlock        0 times
00:02:22.742662 /PDM/CritSects/AHCI#0/ContentionR3        0 times
00:02:22.742673 /PDM/CritSects/AHCI#0/ContentionRZLock        0 times
00:02:22.742685 /PDM/CritSects/AHCI#0/ContentionRZUnlock        0 times
00:02:22.742696 /PDM/CritSects/ATA#0/ContentionR3        0 times
00:02:22.742707 /PDM/CritSects/ATA#0/ContentionRZLock        0 times
00:02:22.742719 /PDM/CritSects/ATA#0/ContentionRZUnlock        0 times
00:02:22.742730 /PDM/CritSects/ATA#1/ContentionR3        0 times
00:02:22.742741 /PDM/CritSects/ATA#1/ContentionRZLock        0 times
00:02:22.742752 /PDM/CritSects/ATA#1/ContentionRZUnlock        0 times
00:02:22.742763 /PDM/CritSects/AudioSniffer#0Auto/ContentionR3        0 times
00:02:22.742774 /PDM/CritSects/AudioSniffer#0Auto/ContentionRZLock        0 times
00:02:22.742785 /PDM/CritSects/AudioSniffer#0Auto/ContentionRZUnlock        0 times
00:02:22.742796 /PDM/CritSects/E1000#0/ContentionR3        0 times
00:02:22.742807 /PDM/CritSects/E1000#0/ContentionRZLock        0 times
00:02:22.742818 /PDM/CritSects/E1000#0/ContentionRZUnlock        0 times
00:02:22.742828 /PDM/CritSects/E1000#0RX/ContentionR3        0 times
00:02:22.742839 /PDM/CritSects/E1000#0RX/ContentionRZLock        0 times
00:02:22.742850 /PDM/CritSects/E1000#0RX/ContentionRZUnlock        0 times
00:02:22.742861 /PDM/CritSects/E1000#0TX/ContentionR3        0 times
00:02:22.742872 /PDM/CritSects/E1000#0TX/ContentionRZLock        0 times
00:02:22.742882 /PDM/CritSects/E1000#0TX/ContentionRZUnlock        0 times
00:02:22.742894 /PDM/CritSects/EM-REM/ContentionR3        0 times
00:02:22.742905 /PDM/CritSects/EM-REM/ContentionRZLock        0 times
00:02:22.742916 /PDM/CritSects/EM-REM/ContentionRZUnlock        0 times
00:02:22.743000 /PDM/CritSects/FTM/ContentionR3         0 times
00:02:22.743011 /PDM/CritSects/FTM/ContentionRZLock        0 times
00:02:22.743022 /PDM/CritSects/FTM/ContentionRZUnlock        0 times
00:02:22.743033 /PDM/CritSects/MM-HYPER/ContentionR3        0 times
00:02:22.743044 /PDM/CritSects/MM-HYPER/ContentionRZLock        0 times
00:02:22.743055 /PDM/CritSects/MM-HYPER/ContentionRZUnlock        0 times
00:02:22.743066 /PDM/CritSects/NOP/ContentionR3         0 times
00:02:22.743078 /PDM/CritSects/NOP/ContentionRZLock        0 times
00:02:22.743089 /PDM/CritSects/NOP/ContentionRZUnlock        0 times
00:02:22.743100 /PDM/CritSects/OHCI#0Irq/ContentionR3        0 times
00:02:22.743111 /PDM/CritSects/OHCI#0Irq/ContentionRZLock        0 times
00:02:22.743121 /PDM/CritSects/OHCI#0Irq/ContentionRZUnlock        0 times
00:02:22.743132 /PDM/CritSects/PDM/ContentionR3         0 times
00:02:22.743155 /PDM/CritSects/PDM/ContentionRZLock        0 times
00:02:22.743166 /PDM/CritSects/PDM/ContentionRZUnlock        0 times
00:02:22.743178 /PDM/CritSects/PGM/ContentionR3         0 times
00:02:22.743188 /PDM/CritSects/PGM/ContentionRZLock        0 times
00:02:22.743199 /PDM/CritSects/PGM/ContentionRZUnlock        0 times
00:02:22.743210 /PDM/CritSects/REM-Register/ContentionR3        0 times
00:02:22.743221 /PDM/CritSects/REM-Register/ContentionRZLock        0 times
00:02:22.743231 /PDM/CritSects/REM-Register/ContentionRZUnlock        0 times
00:02:22.743242 /PDM/CritSects/TM Timer Lock/ContentionR3        0 times
00:02:22.743253 /PDM/CritSects/TM Timer Lock/ContentionRZLock        0 times
00:02:22.743264 /PDM/CritSects/TM Timer Lock/ContentionRZUnlock        0 times
00:02:22.743274 /PDM/CritSects/TM VirtualSync Lock/ContentionR3        0 times
00:02:22.743285 /PDM/CritSects/TM VirtualSync Lock/ContentionRZLock        0 times
00:02:22.743296 /PDM/CritSects/TM VirtualSync Lock/ContentionRZUnlock        0 times
00:02:22.743307 /PDM/CritSects/VGA#0/ContentionR3        0 times
00:02:22.743416 /PDM/CritSects/VGA#0/ContentionRZLock        0 times
00:02:22.743427 /PDM/CritSects/VGA#0/ContentionRZUnlock        0 times
00:02:22.743438 /PDM/CritSects/VMMDev#0/ContentionR3        0 times
00:02:22.743564 /PDM/CritSects/VMMDev#0/ContentionRZLock        0 times
00:02:22.743578 /PDM/CritSects/VMMDev#0/ContentionRZUnlock        0 times
00:02:22.743589 /PDM/CritSects/acpi#0/ContentionR3        0 times
00:02:22.743600 /PDM/CritSects/acpi#0/ContentionRZLock        0 times
00:02:22.743610 /PDM/CritSects/acpi#0/ContentionRZUnlock        0 times
00:02:22.743621 /PDM/CritSects/ichac97#0Auto/ContentionR3        0 times
00:02:22.743631 /PDM/CritSects/ichac97#0Auto/ContentionRZLock        0 times
00:02:22.743642 /PDM/CritSects/ichac97#0Auto/ContentionRZUnlock        0 times
00:02:22.743653 /PDM/CritSects/mc146818#0Auto/ContentionR3        0 times
00:02:22.743663 /PDM/CritSects/mc146818#0Auto/ContentionRZLock        0 times
00:02:22.743674 /PDM/CritSects/mc146818#0Auto/ContentionRZUnlock        0 times
00:02:22.743685 /PDM/CritSects/pcarch#0Auto/ContentionR3        0 times
00:02:22.743696 /PDM/CritSects/pcarch#0Auto/ContentionRZLock        0 times
00:02:22.743707 /PDM/CritSects/pcarch#0Auto/ContentionRZUnlock        0 times
00:02:22.743717 /PDM/CritSects/pcbios#0Auto/ContentionR3        0 times
00:02:22.743734 /PDM/CritSects/pcbios#0Auto/ContentionRZLock        0 times
00:02:22.743785 /PDM/CritSects/pcbios#0Auto/ContentionRZUnlock        0 times
00:02:22.743801 /PDM/CritSects/pckbd#0Auto/ContentionR3        0 times
00:02:22.743812 /PDM/CritSects/pckbd#0Auto/ContentionRZLock        0 times
00:02:22.743823 /PDM/CritSects/pckbd#0Auto/ContentionRZUnlock        0 times
00:02:22.743833 /PDM/CritSects/pit#0/ContentionR3        0 times
00:02:22.743844 /PDM/CritSects/pit#0/ContentionRZLock        0 times
00:02:22.743854 /PDM/CritSects/pit#0/ContentionRZUnlock        0 times
00:02:22.743866 /PDM/CritSects/usb-ohci#0Auto/ContentionR3        0 times
00:02:22.743876 /PDM/CritSects/usb-ohci#0Auto/ContentionRZLock        0 times
00:02:22.743887 /PDM/CritSects/usb-ohci#0Auto/ContentionRZUnlock        0 times
00:02:22.743898 /PDM/CritSectsRw/IOM Lock/ContentionR3EnterExcl        0 times
00:02:22.743909 /PDM/CritSectsRw/IOM Lock/ContentionR3EnterShared        0 times
00:02:22.744037 /PDM/CritSectsRw/IOM Lock/ContentionRZEnterExcl        0 times
00:02:22.744049 /PDM/CritSectsRw/IOM Lock/ContentionRZEnterShared        0 times
00:02:22.744060 /PDM/CritSectsRw/IOM Lock/ContentionRZLeaveExcl        0 times
00:02:22.744071 /PDM/CritSectsRw/IOM Lock/ContentionRZLeaveShared        0 times
00:02:22.744082 /PDM/CritSectsRw/IOM Lock/R3EnterExcl      280 times
00:02:22.744092 /PDM/CritSectsRw/IOM Lock/R3EnterShared    49849 times
00:02:22.744103 /PDM/CritSectsRw/IOM Lock/RZEnterExcl        0 times
00:02:22.744114 /PDM/CritSectsRw/IOM Lock/RZEnterShared   721488 times
00:02:22.744125 /PDM/Queue/AHCI-Xmit/AllocFailures        0 times
00:02:22.744136 /PDM/Queue/AHCI-Xmit/Flush              0 calls
00:02:22.744160 /PDM/Queue/AHCI-Xmit/FlushLeftovers        0 times
00:02:22.744171 /PDM/Queue/AHCI-Xmit/Insert             0 calls
00:02:22.744182 /PDM/Queue/AHCI-Xmit/cItems            60 count
00:02:22.744193 /PDM/Queue/AHCI-Xmit/cbItem            16 bytes
00:02:22.744206 /PDM/Queue/DevHlp/AllocFailures         0 times
00:02:22.744216 /PDM/Queue/DevHlp/Flush                 0 calls
00:02:22.744228 /PDM/Queue/DevHlp/FlushLeftovers        0 times
00:02:22.744238 /PDM/Queue/DevHlp/Insert                0 calls
00:02:22.744249 /PDM/Queue/DevHlp/cItems                8 count
00:02:22.744261 /PDM/Queue/DevHlp/cbItem               40 bytes
00:02:22.744273 /PDM/Queue/E1000-Rcv/AllocFailures        0 times
00:02:22.744283 /PDM/Queue/E1000-Rcv/Flush              0 calls
00:02:22.744294 /PDM/Queue/E1000-Rcv/FlushLeftovers        0 times
00:02:22.744305 /PDM/Queue/E1000-Rcv/Insert             9 calls
00:02:22.744316 /PDM/Queue/E1000-Rcv/cItems             1 count
00:02:22.744327 /PDM/Queue/E1000-Rcv/cbItem            16 bytes
00:02:22.744338 /PDM/Queue/E1000-Xmit/AllocFailures        0 times
00:02:22.744349 /PDM/Queue/E1000-Xmit/Flush             0 calls
00:02:22.744360 /PDM/Queue/E1000-Xmit/FlushLeftovers        0 times
00:02:22.744371 /PDM/Queue/E1000-Xmit/Insert           19 calls
00:02:22.744382 /PDM/Queue/E1000-Xmit/cItems            1 count
00:02:22.744393 /PDM/Queue/E1000-Xmit/cbItem           16 bytes
00:02:22.744404 /PDM/Queue/Keyboard/AllocFailures        0 times
00:02:22.744415 /PDM/Queue/Keyboard/Flush               0 calls
00:02:22.744426 /PDM/Queue/Keyboard/FlushLeftovers        0 times
00:02:22.744437 /PDM/Queue/Keyboard/Insert            204 calls
00:02:22.744448 /PDM/Queue/Keyboard/cItems             64 count
00:02:22.744459 /PDM/Queue/Keyboard/cbItem             16 bytes
00:02:22.744470 /PDM/Queue/Mouse/AllocFailures          0 times
00:02:22.744481 /PDM/Queue/Mouse/Flush                  0 calls
00:02:22.744493 /PDM/Queue/Mouse/FlushLeftovers         0 times
00:02:22.744503 /PDM/Queue/Mouse/Insert                34 calls
00:02:22.744515 /PDM/Queue/Mouse/cItems               128 count
00:02:22.744527 /PDM/Queue/Mouse/cbItem                40 bytes
00:02:22.744539 /PDM/Queue/Mouse_1/AllocFailures        0 times
00:02:22.744550 /PDM/Queue/Mouse_1/Flush                0 calls
00:02:22.744561 /PDM/Queue/Mouse_1/FlushLeftovers        0 times
00:02:22.744571 /PDM/Queue/Mouse_1/Insert              16 calls
00:02:22.744583 /PDM/Queue/Mouse_1/cItems             128 count
00:02:22.744594 /PDM/Queue/Mouse_1/cbItem              40 bytes
00:02:22.744605 /PGM/CPU0/cA20Changes                   0 times
00:02:22.744617 /PGM/CPU0/cGuestModeChanges             3 times
00:02:22.744628 /PGM/ChunkR3Map/Mapped                207 count
00:02:22.744640 /PGM/ChunkR3Map/Unmapped                0 count
00:02:22.744652 /PGM/ChunkR3Map/c                     207 count
00:02:22.744665 /PGM/ChunkR3Map/cMax                  512 count
00:02:22.744676 /PGM/LargePage/Recheck                  0 times
00:02:22.744688 /PGM/LargePage/Refused                  0 times
00:02:22.744699 /PGM/LargePage/Reused                   0 times
00:02:22.744714 /PGM/Page/cAllPages                135238 count
00:02:22.744726 /PGM/Page/cBalloonedPages               0 count
00:02:22.744738 /PGM/Page/cHandyPages                  34 count
00:02:22.744749 /PGM/Page/cLargePages                   0 count
00:02:22.744760 /PGM/Page/cLargePagesDisabled           0 count
00:02:22.744771 /PGM/Page/cMonitoredPages               0 count
00:02:22.744782 /PGM/Page/cPrivatePages            109731 count
00:02:22.744794 /PGM/Page/cPureMmioPages               36 count
00:02:22.744805 /PGM/Page/cReadLockedPages              0 count
00:02:22.744816 /PGM/Page/cReusedSharedPages            0 count
00:02:22.744826 /PGM/Page/cSharedPages                  0 count
00:02:22.744838 /PGM/Page/cWriteLockedPages             0 count
00:02:22.744848 /PGM/Page/cWrittenToPages               0 count
00:02:22.744860 /PGM/Page/cZeroPages                25471 count
00:02:22.744882 /PGM/ShMod/Check                        0 ticks/call (           0 ticks,       0 times, max         0, min      -1)
00:02:22.744899 /PGM/cRelocations                       0 times
00:02:22.744912 /PROF/CPU0/EM/Capped                    0 ticks/call (           0 ticks,       0 times, max         0, min      -1)
00:02:22.744928 /PROF/CPU0/EM/ForcedActions         79931 times
00:02:22.744939 /PROF/CPU0/EM/Halted                 3870 times
00:02:22.744952 /PROF/CPU0/EM/RAWTotal                  0 times
00:02:22.744964 /PROF/CPU0/EM/REMTotal                  0 times
00:02:22.744975 /PROF/CPU0/EM/Total              98797709207 ticks/call (197595418415 ticks,       2 times, max 184061586548, min 13533831867)
00:02:22.745001 /PROF/CPU0/VM/Halt/Block          3442639 ns/call (110732500745 ticks,   32165 times, max  12926159, min       1)
00:02:22.745021 /PROF/CPU0/VM/Halt/BlockInsomnia        0 ns/call (           0 ticks,       0 times, max         0, min      -1)
00:02:22.745035 /PROF/CPU0/VM/Halt/BlockOnTime          0 ns/call (           0 ticks,       0 times, max         0, min      -1)
00:02:22.745049 /PROF/CPU0/VM/Halt/BlockOverslept        0 ns/call (           0 ticks,       0 times, max         0, min      -1)
00:02:22.745063 /PROF/CPU0/VM/Halt/Timers           21040 ns/call (   759384804 ticks,   36091 times, max   3788451, min       2)
00:02:22.745080 /PROF/CPU0/VM/Halt/Yield            12381 ns/call (       49524 ticks,       4 times, max     18176, min    6798)
00:02:22.745097 /Public/Net/E1k0/BytesReceived       1180 bytes
00:02:22.745109 /Public/Net/E1k0/BytesTransmitted     4079 bytes
00:02:22.745120 /REM/TbFlushCount                       0 times
00:02:22.745133 /REM/TbPhysInvldCount                   0 times
00:02:22.745145 /REM/TlbFlushCount                      2 times
00:02:22.745157 /SELM/LoadHidSel/GstReadErrors          0 times
00:02:22.745168 /SELM/LoadHidSel/NoGoodGuest            0 times
00:02:22.745179 /TM/CPU/00/cNsExecuting          12324336328 ns
00:02:22.745193 /TM/CPU/00/cNsHalted             111741510806 ns
00:02:22.745207 /TM/CPU/00/cNsOther              7785364206 ns
00:02:22.745221 /TM/CPU/00/cNsTotal              131851211340 ns
00:02:22.745234 /TM/CPU/00/cPeriodsExecuting      1313807 count
00:02:22.745246 /TM/CPU/00/cPeriodsHalted            3865 count
00:02:22.745258 /TM/CPU/00/pctExecuting                 0 %
00:02:22.745270 /TM/CPU/00/pctHalted                   99 %
00:02:22.745282 /TM/CPU/00/pctOther                     0 %
00:02:22.745294 /TM/CPU/pctExecuting                    0 %
00:02:22.745305 /TM/CPU/pctHalted                      99 %
00:02:22.745317 /TM/CPU/pctOther                        0 %
00:02:22.745329 /TM/MaxHzHint                           0 Hz
00:02:22.745342 /TM/R0/1nsSteps                      4700 times
00:02:22.745355 /TM/R3/1nsSteps                      9928 times
00:02:22.745368 /TM/TSC/offCPU0                         0 ticks
00:02:22.745380 /TM/VirtualSync/CurrentOffset      326045 ns
00:02:22.745393 /VUSB/0/cUrbsInPool                     1 count
00:02:22.745406 ********************* End of statistics **********************
00:02:22.745705 VUSB: detached 'HidMouse' from port 1
00:02:22.751841 NAT: zone(nm:mbuf_cluster, used:0)
00:02:22.752292 NAT: zone(nm:mbuf_packet, used:0)
00:02:22.752304 NAT: zone(nm:mbuf, used:1)
00:02:22.752456 NAT: zone(nm:mbuf_jumbo_pagesize, used:0)
00:02:22.752802 NAT: zone(nm:mbuf_jumbo_9k, used:0)
00:02:22.753029 NAT: zone(nm:mbuf_jumbo_16k, used:0)
00:02:22.753139 NAT: zone(nm:mbuf_ext_refcnt, used:0)
00:02:22.777881 Changing the VM state from 'DESTROYING' to 'TERMINATED'.
00:02:23.210285 UIMachineView::storeGuestSizeHint: Storing guest size-hint for screen 0 as 720x400
